<html><head><link href="http://fonts.googleapis.com/css?family=Roboto:300,400,500,700,400italic" rel="stylesheet"><link href="http://www.xframium.org/output/assets/css/toolkit-inverse.css" rel="stylesheet"><link href="http://www.xframium.org/output/assets/css/application.css" rel="stylesheet"><style>iframe {background-color: #eaeae1;} .abscenter { margin: auto; position: absolute; top: 0; left: 0; bottom: 0; right: 0; } .pass {color: #1bc98e;}.fail {color: #e64759;} .pageName { color: #e4d836; } .elementName { color: #e4d836; }</style></head><body><div class="container"><div class="col-sm-12 content"><div class="dashhead"><span class="pull-right text-muted">06-09-2020 at 19:03:58 IST</span><h6 class="dashhead-subtitle">xFramium  1.0.5</h6><h3 class="dashhead-title">Chrome_FirstScript[DS001]</h3><h6> / OS X Chrome 54.0 on 127.0.0.1:4444 (SELENIUM)</h6></div><br /><div class="row statcards"><div class="col-sm-1 m-b"></div><div class="col-sm-2 m-b"><div class="statcard statcard-success"><div class="p-a"><span class="statcard-desc">Passed</span><h4 class="statcard-number">10</h4></div></div></div><div class="col-sm-2 m-b"><div class="statcard statcard-warning"><div class="p-a"><span class="statcard-desc">Ignored</span><h4 class="statcard-number">0</h4></div></div></div><div class="col-sm-2 m-b"><div class="statcard statcard-danger"><div class="p-a"><span class="statcard-desc">Failed</span><h4 class="statcard-number">3</h4></div></div></div><div class="col-sm-2 m-b"><div class="statcard statcard-info"><div class="p-a"><span class="statcard-desc">Total Steps</span><h4 class="statcard-number">13</h4></div></div></div><div class="col-sm-2 m-b"><div class="statcard statcard-info"><div class="p-a"><span class="statcard-desc">Duration</span><h4 class="statcard-number"> 0h 16m 47s</h4></div></div></div></div><br /><br/><ul class="nav nav-tabs" role="tablist"><li role="presentation" class="active"><a href="#detail" aria-controls="detail" role="tab" data-toggle="tab">Steps</a></li><li role="presentation"><a href="#console" aria-controls="console" role="tab" data-toggle="tab">Console Log</a></li><li role="presentation"><a href="#wcag" aria-controls="wcag" role="tab" data-toggle="tab">WCAG Report</a></li><li role="presentation"><a class=link-tab hRef="Chrome_FirstScript[DS001].csv" class="list-group-item">Execution Record</a></li><li role="presentation"><a href="#external" aria-controls="external" role="tab" data-toggle="tab">Links</a></li><span class="pull-right text-muted"><a hRef="../../index.html">Return to Test Execution Summary</a></span></ul><div class="tab-content"><div role="tabpanel" class="tab-pane active" id="detail"><div class="table-responsive table-bordered"><table class="table table-hover table-condensed"><thead><th width="80%">Steps Performed</th><th width="20%">Started</th><th align=center width="0%">Status</th></thead><tr><td>Click on the <span class="elementName">btn_Login</span> element on the page <span class="pageName">Login</span></td><td style="vertical-align; bottom;" nowrap>18:45:35 (579ms)</td><td style="vertical-align; bottom; padding-top: 10px; " align="center"><span class="label label-success"><b>Pass</b></span></td></tr><tr><td>Click on the <span class="elementName">btn_gmail</span> element on the page <span class="pageName">Login</span></td><td style="vertical-align; bottom;" nowrap>18:45:37 (416ms)</td><td style="vertical-align; bottom; padding-top: 10px; " align="center"><span class="label label-success"><b>Pass</b></span></td></tr><tr><td>Click on the <span class="elementName">btn_Next</span> element on the page <span class="pageName">Login</span></td><td style="vertical-align; bottom;" nowrap>18:45:43 (195ms)</td><td style="vertical-align; bottom; padding-top: 10px; " align="center"><span class="label label-success"><b>Pass</b></span></td></tr><tr><td>Click on the <span class="elementName">btn_Next</span> element on the page <span class="pageName">Login</span></td><td style="vertical-align; bottom;" nowrap>18:45:47 (250ms)</td><td style="vertical-align; bottom; padding-top: 10px; " align="center"><span class="label label-success"><b>Pass</b></span></td></tr><tr><td>Verify that the <span class="elementName">label_User</span> element is visible on the page <span class="pageName">Login</span></td><td style="vertical-align; bottom;" nowrap>18:46:06 (51ms)</td><td style="vertical-align; bottom; padding-top: 10px; " align="center"><span class="label label-success"><b>Pass</b></span></td></tr><tr><td>Click on the <span class="elementName">label_User</span> element on the page <span class="pageName">Address</span></td><td style="vertical-align; bottom;" nowrap>18:46:08 (157ms)</td><td style="vertical-align; bottom; padding-top: 10px; " align="center"><span class="label label-success"><b>Pass</b></span></td></tr><tr><td>Click on the <span class="elementName">Navi_DeliveryAddress</span> element on the page <span class="pageName">Address</span></td><td style="vertical-align; bottom;" nowrap>18:46:16 (1625ms)</td><td style="vertical-align; bottom; padding-top: 10px; " align="center"><span class="label label-success"><b>Pass</b></span></td></tr><tr><td>Click on the <span class="elementName">btn_AddNewAddress</span> element on the page <span class="pageName">Address</span></td><td style="vertical-align; bottom;" nowrap>18:46:16 (161ms)</td><td style="vertical-align; bottom; padding-top: 10px; " align="center"><span class="label label-success"><b>Pass</b></span></td></tr><tr><td>Click on the <span class="elementName">btn_add</span> element on the page <span class="pageName">Address</span></td><td style="vertical-align; bottom;" nowrap>18:46:41 (91ms)</td><td style="vertical-align; bottom; padding-top: 10px; " align="center"><span class="label label-success"><b>Pass</b></span></td></tr><tr><td>Click on the <span class="elementName">btn_confirmLocation</span> element on the page <span class="pageName">Address</span></td><td style="vertical-align; bottom;" nowrap>18:46:44 (95ms)</td><td style="vertical-align; bottom; padding-top: 10px; " align="center"><span class="label label-success"><b>Pass</b></span></td></tr><tr><td>Timeout during page load<span class="pull-right text-muted" <a role="button" data-toggle="collapse" href="#exception10" aria-expanded="false" style="padding-right: 10px">View Error Detail</a></span></td><td style="vertical-align; bottom;" nowrap>19:03:55 (1002519ms)</td><td style="vertical-align; bottom; padding-top: 10px; " align="center"><span class="label label-danger">Fail</span></td></tr><tr class="collapse" id="exception10"><td><h6>org.openqa.selenium.TimeoutException: Timed out after 1000 seconds waiting for functions.GenericFunctions$1@115cfa22<br/>Build info: version: '2.53.1', revision: 'a36b8b1cd5757287168e54b817830adce9b0158d', time: '2016-06-30 19:26:09'<br/>System info: host: 'Manjuus-Mac.local', ip: '127.0.0.1', os.name: 'Mac OS X', os.arch: 'x86_64', os.version: '10.15.5', java.version: '1.8.0_171'<br/>Driver info: org.xframium.device.factory.DeviceWebDriver<br/>&nbsp;&nbsp;&nbsp;&nbsp;at org.openqa.selenium.support.ui.WebDriverWait.timeoutException(WebDriverWait.java:80)<br/>&nbsp;&nbsp;&nbsp;&nbsp;at org.openqa.selenium.support.ui.FluentWait.until(FluentWait.java:261)<br/>&nbsp;&nbsp;&nbsp;&nbsp;at functions.GenericFunctions._waitForPageToLoad(GenericFunctions.java:1704)<br/>&nbsp;&nbsp;&nbsp;&nbsp;at pages.spi.AddressImpl.updateAddress(AddressImpl.java:112)<br/>&nbsp;&nbsp;&nbsp;&nbsp;at sun.reflect.NativeMethodAccessorImpl.invoke0(Native Method)<br/>&nbsp;&nbsp;&nbsp;&nbsp;at sun.reflect.NativeMethodAccessorImpl.invoke(NativeMethodAccessorImpl.java:62)<br/>&nbsp;&nbsp;&nbsp;&nbsp;at sun.reflect.DelegatingMethodAccessorImpl.invoke(DelegatingMethodAccessorImpl.java:43)<br/>&nbsp;&nbsp;&nbsp;&nbsp;at java.lang.reflect.Method.invoke(Method.java:498)<br/>&nbsp;&nbsp;&nbsp;&nbsp;at org.xframium.page.factory.DefaultPageFactory.invoke(DefaultPageFactory.java:157)<br/>&nbsp;&nbsp;&nbsp;&nbsp;at com.sun.proxy.$Proxy23.updateAddress(Unknown Source)<br/>&nbsp;&nbsp;&nbsp;&nbsp;at pages.spi.PageImplInvoker.updateAddress(PageImplInvoker.java:51)<br/>&nbsp;&nbsp;&nbsp;&nbsp;at uiAutomation.TestDriverClasses.FirstScript(TestDriverClasses.java:38)<br/>&nbsp;&nbsp;&nbsp;&nbsp;at sun.reflect.NativeMethodAccessorImpl.invoke0(Native Method)<br/>&nbsp;&nbsp;&nbsp;&nbsp;at sun.reflect.NativeMethodAccessorImpl.invoke(NativeMethodAccessorImpl.java:62)<br/>&nbsp;&nbsp;&nbsp;&nbsp;at sun.reflect.DelegatingMethodAccessorImpl.invoke(DelegatingMethodAccessorImpl.java:43)<br/>&nbsp;&nbsp;&nbsp;&nbsp;at java.lang.reflect.Method.invoke(Method.java:498)<br/>&nbsp;&nbsp;&nbsp;&nbsp;at org.testng.internal.MethodInvocationHelper.invokeMethod(MethodInvocationHelper.java:124)<br/>&nbsp;&nbsp;&nbsp;&nbsp;at org.testng.internal.Invoker.invokeMethod(Invoker.java:583)<br/>&nbsp;&nbsp;&nbsp;&nbsp;at org.testng.internal.Invoker.invokeTestMethod(Invoker.java:719)<br/>&nbsp;&nbsp;&nbsp;&nbsp;at org.testng.internal.TestMethodWithDataProviderMethodWorker.call(TestMethodWithDataProviderMethodWorker.java:71)<br/>&nbsp;&nbsp;&nbsp;&nbsp;at org.testng.internal.TestMethodWithDataProviderMethodWorker.call(TestMethodWithDataProviderMethodWorker.java:14)<br/>&nbsp;&nbsp;&nbsp;&nbsp;at java.util.concurrent.FutureTask.run(FutureTask.java:266)<br/>&nbsp;&nbsp;&nbsp;&nbsp;at java.util.concurrent.Executors$RunnableAdapter.call(Executors.java:511)<br/>&nbsp;&nbsp;&nbsp;&nbsp;at java.util.concurrent.FutureTask.run(FutureTask.java:266)<br/>&nbsp;&nbsp;&nbsp;&nbsp;at java.util.concurrent.ThreadPoolExecutor.runWorker(ThreadPoolExecutor.java:1149)<br/>&nbsp;&nbsp;&nbsp;&nbsp;at java.util.concurrent.ThreadPoolExecutor$Worker.run(ThreadPoolExecutor.java:624)<br/>&nbsp;&nbsp;&nbsp;&nbsp;at java.lang.Thread.run(Thread.java:748)<br/>Caused by: org.openqa.selenium.NoSuchWindowException: no such window: target window already closed<br/>from unknown error: web view not found<br/>  (Session info: chrome=83.0.4103.97)<br/>  (Driver info: chromedriver=83.0.4103.39 (ccbf011cb2d2b19b506d844400483861342c20cd-refs/branch-heads/4103@{#416}),platform=Mac OS X 10.15.5 x86_64) (WARNING: The server did not provide any stacktrace information)<br/>Command duration or timeout: 3 milliseconds<br/>Build info: version: '2.50.0', revision: '1070ace', time: '2016-01-27 18:43:24'<br/>System info: host: 'Manjuus-Mac.local', ip: '127.0.0.1', os.name: 'Mac OS X', os.arch: 'x86_64', os.version: '10.15.5', java.version: '1.8.0_171'<br/>Driver info: org.openqa.selenium.chrome.ChromeDriver<br/>Capabilities [{mobileEmulationEnabled=false, timeouts={implicit=0, pageLoad=300000, script=30000}, hasTouchScreen=false, platform=MAC, acceptSslCerts=false, goog:chromeOptions={debuggerAddress=localhost:50836}, acceptInsecureCerts=false, webStorageEnabled=true, browserName=chrome, takesScreenshot=true, javascriptEnabled=true, setWindowRect=true, unexpectedAlertBehaviour=ignore, applicationCacheEnabled=false, rotatable=false, networkConnectionEnabled=false, chrome={chromedriverVersion=83.0.4103.39 (ccbf011cb2d2b19b506d844400483861342c20cd-refs/branch-heads/4103@{#416}), userDataDir=/var/folders/qz/47s677px17q2y7vp_bmr0l0w0000gn/T/.com.google.Chrome.SsAluM}, takesHeapSnapshot=true, pageLoadStrategy=normal, strictFileInteractability=false, databaseEnabled=false, handlesAlerts=true, version=83.0.4103.97, browserConnectionEnabled=false, proxy={}, nativeEvents=true, locationContextEnabled=true, cssSelectorsEnabled=true, webauthn:virtualAuthenticators=true}]<br/>Session ID: 9fa7ddbb37a354f4bbd4e02fb511a6f7<br/>Command duration or timeout: 796 milliseconds<br/>Build info: version: '2.53.1', revision: 'a36b8b1cd5757287168e54b817830adce9b0158d', time: '2016-06-30 19:26:09'<br/>System info: host: 'Manjuus-Mac.local', ip: '127.0.0.1', os.name: 'Mac OS X', os.arch: 'x86_64', os.version: '10.15.5', java.version: '1.8.0_171'<br/>Driver info: org.openqa.selenium.remote.RemoteWebDriver<br/>Capabilities [{mobileEmulationEnabled=false, timeouts={implicit=0, pageLoad=300000, script=30000}, hasTouchScreen=false, platform=MAC, acceptSslCerts=false, goog:chromeOptions={debuggerAddress=localhost:50836}, acceptInsecureCerts=false, webStorageEnabled=true, browserName=chrome, takesScreenshot=true, javascriptEnabled=true, setWindowRect=true, unexpectedAlertBehaviour=ignore, applicationCacheEnabled=false, rotatable=false, networkConnectionEnabled=false, chrome={chromedriverVersion=83.0.4103.39 (ccbf011cb2d2b19b506d844400483861342c20cd-refs/branch-heads/4103@{#416}), userDataDir=/var/folders/qz/47s677px17q2y7vp_bmr0l0w0000gn/T/.com.google.Chrome.SsAluM}, takesHeapSnapshot=true, pageLoadStrategy=normal, strictFileInteractability=false, databaseEnabled=false, handlesAlerts=true, version=83.0.4103.97, browserConnectionEnabled=false, proxy={}, nativeEvents=true, webdriver.remote.sessionid=c7f9f003-090b-42c0-8e12-ef0ffcc6128c, locationContextEnabled=true, cssSelectorsEnabled=true, webauthn:virtualAuthenticators=true}]<br/>Session ID: c7f9f003-090b-42c0-8e12-ef0ffcc6128c<br/>&nbsp;&nbsp;&nbsp;&nbsp;at sun.reflect.GeneratedConstructorAccessor39.newInstance(Unknown Source)<br/>&nbsp;&nbsp;&nbsp;&nbsp;at sun.reflect.DelegatingConstructorAccessorImpl.newInstance(DelegatingConstructorAccessorImpl.java:45)<br/>&nbsp;&nbsp;&nbsp;&nbsp;at java.lang.reflect.Constructor.newInstance(Constructor.java:423)<br/>&nbsp;&nbsp;&nbsp;&nbsp;at org.openqa.selenium.remote.ErrorHandler.createThrowable(ErrorHandler.java:206)<br/>&nbsp;&nbsp;&nbsp;&nbsp;at org.openqa.selenium.remote.ErrorHandler.throwIfResponseFailed(ErrorHandler.java:158)<br/>&nbsp;&nbsp;&nbsp;&nbsp;at org.openqa.selenium.remote.RemoteWebDriver.execute(RemoteWebDriver.java:678)<br/>&nbsp;&nbsp;&nbsp;&nbsp;at org.openqa.selenium.remote.RemoteWebDriver.executeScript(RemoteWebDriver.java:577)<br/>&nbsp;&nbsp;&nbsp;&nbsp;at org.xframium.device.factory.DeviceWebDriver.executeScript(DeviceWebDriver.java:822)<br/>&nbsp;&nbsp;&nbsp;&nbsp;at functions.GenericFunctions$1.apply(GenericFunctions.java:1697)<br/>&nbsp;&nbsp;&nbsp;&nbsp;at functions.GenericFunctions$1.apply(GenericFunctions.java:1695)<br/>&nbsp;&nbsp;&nbsp;&nbsp;at org.openqa.selenium.support.ui.FluentWait.until(FluentWait.java:238)<br/>&nbsp;&nbsp;&nbsp;&nbsp;... 25 more<br/>Caused by: org.openqa.selenium.remote.ScreenshotException: Screen shot has been taken<br/>Build info: version: '2.53.1', revision: 'a36b8b1cd5757287168e54b817830adce9b0158d', time: '2016-06-30 19:26:09'<br/>System info: host: 'Manjuus-Mac.local', ip: '127.0.0.1', os.name: 'Mac OS X', os.arch: 'x86_64', os.version: '10.15.5', java.version: '1.8.0_171'<br/>Driver info: driver.version: DeviceWebDriver<br/>&nbsp;&nbsp;&nbsp;&nbsp;at org.openqa.selenium.remote.ErrorHandler.throwIfResponseFailed(ErrorHandler.java:138)<br/>&nbsp;&nbsp;&nbsp;&nbsp;... 31 more<br/>Caused by: org.openqa.selenium.NoSuchWindowException: no such window: target window already closed<br/>from unknown error: web view not found<br/>  (Session info: chrome=83.0.4103.97)<br/>  (Driver info: chromedriver=83.0.4103.39 (ccbf011cb2d2b19b506d844400483861342c20cd-refs/branch-heads/4103@{#416}),platform=Mac OS X 10.15.5 x86_64) (WARNING: The server did not provide any stacktrace information)<br/>Command duration or timeout: 3 milliseconds<br/>Build info: version: '2.50.0', revision: '1070ace', time: '2016-01-27 18:43:24'<br/>System info: host: 'Manjuus-Mac.local', ip: '127.0.0.1', os.name: 'Mac OS X', os.arch: 'x86_64', os.version: '10.15.5', java.version: '1.8.0_171'<br/>Driver info: org.openqa.selenium.chrome.ChromeDriver<br/>Capabilities [{mobileEmulationEnabled=false, timeouts={implicit=0, pageLoad=300000, script=30000}, hasTouchScreen=false, platform=MAC, acceptSslCerts=false, goog:chromeOptions={debuggerAddress=localhost:50836}, acceptInsecureCerts=false, webStorageEnabled=true, browserName=chrome, takesScreenshot=true, javascriptEnabled=true, setWindowRect=true, unexpectedAlertBehaviour=ignore, applicationCacheEnabled=false, rotatable=false, networkConnectionEnabled=false, chrome={chromedriverVersion=83.0.4103.39 (ccbf011cb2d2b19b506d844400483861342c20cd-refs/branch-heads/4103@{#416}), userDataDir=/var/folders/qz/47s677px17q2y7vp_bmr0l0w0000gn/T/.com.google.Chrome.SsAluM}, takesHeapSnapshot=true, pageLoadStrategy=normal, strictFileInteractability=false, databaseEnabled=false, handlesAlerts=true, version=83.0.4103.97, browserConnectionEnabled=false, proxy={}, nativeEvents=true, locationContextEnabled=true, cssSelectorsEnabled=true, webauthn:virtualAuthenticators=true}]<br/>Session ID: 9fa7ddbb37a354f4bbd4e02fb511a6f7<br/>Build info: version: '2.53.1', revision: 'a36b8b1cd5757287168e54b817830adce9b0158d', time: '2016-06-30 19:26:09'<br/>System info: host: 'Manjuus-Mac.local', ip: '127.0.0.1', os.name: 'Mac OS X', os.arch: 'x86_64', os.version: '10.15.5', java.version: '1.8.0_171'<br/>Driver info: driver.version: EventFiringWebDriver<br/>&nbsp;&nbsp;&nbsp;&nbsp;at sun.reflect.GeneratedConstructorAccessor17.newInstance(Unknown Source)<br/>&nbsp;&nbsp;&nbsp;&nbsp;at sun.reflect.DelegatingConstructorAccessorImpl.newInstance(DelegatingConstructorAccessorImpl.java:45)<br/>&nbsp;&nbsp;&nbsp;&nbsp;at java.lang.reflect.Constructor.newInstance(Constructor.java:423)<br/>&nbsp;&nbsp;&nbsp;&nbsp;at org.openqa.selenium.remote.ErrorHandler.createThrowable(ErrorHandler.java:206)<br/>&nbsp;&nbsp;&nbsp;&nbsp;at org.openqa.selenium.remote.ErrorHandler.throwIfResponseFailed(ErrorHandler.java:158)<br/>&nbsp;&nbsp;&nbsp;&nbsp;at org.openqa.selenium.remote.RemoteWebDriver.execute(RemoteWebDriver.java:678)<br/>&nbsp;&nbsp;&nbsp;&nbsp;at org.openqa.selenium.remote.RemoteWebDriver.executeScript(RemoteWebDriver.java:577)<br/>&nbsp;&nbsp;&nbsp;&nbsp;at sun.reflect.GeneratedMethodAccessor13.invoke(Unknown Source)<br/>&nbsp;&nbsp;&nbsp;&nbsp;at sun.reflect.DelegatingMethodAccessorImpl.invoke(DelegatingMethodAccessorImpl.java:43)<br/>&nbsp;&nbsp;&nbsp;&nbsp;at java.lang.reflect.Method.invoke(Method.java:498)<br/>&nbsp;&nbsp;&nbsp;&nbsp;at org.openqa.selenium.support.events.EventFiringWebDriver$2.invoke(EventFiringWebDriver.java:103)<br/>&nbsp;&nbsp;&nbsp;&nbsp;at com.sun.proxy.$Proxy1.executeScript(Unknown Source)<br/>&nbsp;&nbsp;&nbsp;&nbsp;at org.openqa.selenium.support.events.EventFiringWebDriver.executeScript(EventFiringWebDriver.java:217)<br/>&nbsp;&nbsp;&nbsp;&nbsp;at org.openqa.selenium.remote.server.handler.ExecuteScript.call(ExecuteScript.java:56)<br/>&nbsp;&nbsp;&nbsp;&nbsp;at java.util.concurrent.FutureTask.run(FutureTask.java:266)<br/>&nbsp;&nbsp;&nbsp;&nbsp;at org.openqa.selenium.remote.server.DefaultSession$1.run(DefaultSession.java:176)<br/>&nbsp;&nbsp;&nbsp;&nbsp;... 3 more<br/></h6></td><td colSpan="2" align="center"><a hRef="failure-screenshot.png" class="thumbnail"><img class="img-rounded img-responsive" src="failure-screenshot.png" style="height: 200px;"/></a><a target="_blank" class="btn btn-danger" hRef='failureDOM.html'>View Device State</a></td></tr><tr><td>Set the value of the <span class="elementName">txt_houseNo</span> element on the page <span class="pageName">Address</span> to <span class="pass"><b>438 Edit</b></span><span class="pull-right text-muted" <a role="button" data-toggle="collapse" href="#exception11" aria-expanded="false" style="padding-right: 10px">View Error Detail</a></span></td><td style="vertical-align; bottom;" nowrap>19:03:56 (1517ms)</td><td style="vertical-align; bottom; padding-top: 10px; " align="center"><span class="label label-danger">Fail</span></td></tr><tr class="collapse" id="exception11"><td><h6>org.openqa.selenium.NoSuchWindowException: no such window: target window already closed<br/>from unknown error: web view not found<br/>  (Session info: chrome=83.0.4103.97)<br/>  (Driver info: chromedriver=83.0.4103.39 (ccbf011cb2d2b19b506d844400483861342c20cd-refs/branch-heads/4103@{#416}),platform=Mac OS X 10.15.5 x86_64) (WARNING: The server did not provide any stacktrace information)<br/>Command duration or timeout: 2 milliseconds<br/>Build info: version: '2.50.0', revision: '1070ace', time: '2016-01-27 18:43:24'<br/>System info: host: 'Manjuus-Mac.local', ip: '127.0.0.1', os.name: 'Mac OS X', os.arch: 'x86_64', os.version: '10.15.5', java.version: '1.8.0_171'<br/>Driver info: org.openqa.selenium.chrome.ChromeDriver<br/>Capabilities [{mobileEmulationEnabled=false, timeouts={implicit=0, pageLoad=300000, script=30000}, hasTouchScreen=false, platform=MAC, acceptSslCerts=false, goog:chromeOptions={debuggerAddress=localhost:50836}, acceptInsecureCerts=false, webStorageEnabled=true, browserName=chrome, takesScreenshot=true, javascriptEnabled=true, setWindowRect=true, unexpectedAlertBehaviour=ignore, applicationCacheEnabled=false, rotatable=false, networkConnectionEnabled=false, chrome={chromedriverVersion=83.0.4103.39 (ccbf011cb2d2b19b506d844400483861342c20cd-refs/branch-heads/4103@{#416}), userDataDir=/var/folders/qz/47s677px17q2y7vp_bmr0l0w0000gn/T/.com.google.Chrome.SsAluM}, takesHeapSnapshot=true, pageLoadStrategy=normal, strictFileInteractability=false, databaseEnabled=false, handlesAlerts=true, version=83.0.4103.97, browserConnectionEnabled=false, proxy={}, nativeEvents=true, locationContextEnabled=true, cssSelectorsEnabled=true, webauthn:virtualAuthenticators=true}]<br/>Session ID: 9fa7ddbb37a354f4bbd4e02fb511a6f7<br/>*** Element info: {Using=xpath, value=//input[@name='house']}<br/>Command duration or timeout: 743 milliseconds<br/>Build info: version: '2.53.1', revision: 'a36b8b1cd5757287168e54b817830adce9b0158d', time: '2016-06-30 19:26:09'<br/>System info: host: 'Manjuus-Mac.local', ip: '127.0.0.1', os.name: 'Mac OS X', os.arch: 'x86_64', os.version: '10.15.5', java.version: '1.8.0_171'<br/>Driver info: org.openqa.selenium.remote.RemoteWebDriver<br/>Capabilities [{mobileEmulationEnabled=false, timeouts={implicit=0, pageLoad=300000, script=30000}, hasTouchScreen=false, platform=MAC, acceptSslCerts=false, goog:chromeOptions={debuggerAddress=localhost:50836}, acceptInsecureCerts=false, webStorageEnabled=true, browserName=chrome, takesScreenshot=true, javascriptEnabled=true, setWindowRect=true, unexpectedAlertBehaviour=ignore, applicationCacheEnabled=false, rotatable=false, networkConnectionEnabled=false, chrome={chromedriverVersion=83.0.4103.39 (ccbf011cb2d2b19b506d844400483861342c20cd-refs/branch-heads/4103@{#416}), userDataDir=/var/folders/qz/47s677px17q2y7vp_bmr0l0w0000gn/T/.com.google.Chrome.SsAluM}, takesHeapSnapshot=true, pageLoadStrategy=normal, strictFileInteractability=false, databaseEnabled=false, handlesAlerts=true, version=83.0.4103.97, browserConnectionEnabled=false, proxy={}, nativeEvents=true, webdriver.remote.sessionid=c7f9f003-090b-42c0-8e12-ef0ffcc6128c, locationContextEnabled=true, cssSelectorsEnabled=true, webauthn:virtualAuthenticators=true}]<br/>Session ID: c7f9f003-090b-42c0-8e12-ef0ffcc6128c<br/>*** Element info: {Using=xpath, value=//input[@name='house']}<br/>&nbsp;&nbsp;&nbsp;&nbsp;at sun.reflect.GeneratedConstructorAccessor39.newInstance(Unknown Source)<br/>&nbsp;&nbsp;&nbsp;&nbsp;at sun.reflect.DelegatingConstructorAccessorImpl.newInstance(DelegatingConstructorAccessorImpl.java:45)<br/>&nbsp;&nbsp;&nbsp;&nbsp;at java.lang.reflect.Constructor.newInstance(Constructor.java:423)<br/>&nbsp;&nbsp;&nbsp;&nbsp;at org.openqa.selenium.remote.ErrorHandler.createThrowable(ErrorHandler.java:206)<br/>&nbsp;&nbsp;&nbsp;&nbsp;at org.openqa.selenium.remote.ErrorHandler.throwIfResponseFailed(ErrorHandler.java:158)<br/>&nbsp;&nbsp;&nbsp;&nbsp;at org.openqa.selenium.remote.RemoteWebDriver.execute(RemoteWebDriver.java:678)<br/>&nbsp;&nbsp;&nbsp;&nbsp;at org.openqa.selenium.remote.RemoteWebDriver.findElement(RemoteWebDriver.java:363)<br/>&nbsp;&nbsp;&nbsp;&nbsp;at org.openqa.selenium.remote.RemoteWebDriver.findElementByXPath(RemoteWebDriver.java:500)<br/>&nbsp;&nbsp;&nbsp;&nbsp;at org.openqa.selenium.By$ByXPath.findElement(By.java:361)<br/>&nbsp;&nbsp;&nbsp;&nbsp;at org.openqa.selenium.remote.RemoteWebDriver.findElement(RemoteWebDriver.java:355)<br/>&nbsp;&nbsp;&nbsp;&nbsp;at org.xframium.device.factory.DeviceWebDriver.findElement(DeviceWebDriver.java:497)<br/>&nbsp;&nbsp;&nbsp;&nbsp;at functions.GenericFunctions._setValue(GenericFunctions.java:221)<br/>&nbsp;&nbsp;&nbsp;&nbsp;at utility.CustomAbstractPage._setValue(CustomAbstractPage.java:102)<br/>&nbsp;&nbsp;&nbsp;&nbsp;at pages.spi.AddressImpl.updateAddress(AddressImpl.java:113)<br/>&nbsp;&nbsp;&nbsp;&nbsp;at sun.reflect.NativeMethodAccessorImpl.invoke0(Native Method)<br/>&nbsp;&nbsp;&nbsp;&nbsp;at sun.reflect.NativeMethodAccessorImpl.invoke(NativeMethodAccessorImpl.java:62)<br/>&nbsp;&nbsp;&nbsp;&nbsp;at sun.reflect.DelegatingMethodAccessorImpl.invoke(DelegatingMethodAccessorImpl.java:43)<br/>&nbsp;&nbsp;&nbsp;&nbsp;at java.lang.reflect.Method.invoke(Method.java:498)<br/>&nbsp;&nbsp;&nbsp;&nbsp;at org.xframium.page.factory.DefaultPageFactory.invoke(DefaultPageFactory.java:157)<br/>&nbsp;&nbsp;&nbsp;&nbsp;at com.sun.proxy.$Proxy23.updateAddress(Unknown Source)<br/>&nbsp;&nbsp;&nbsp;&nbsp;at pages.spi.PageImplInvoker.updateAddress(PageImplInvoker.java:51)<br/>&nbsp;&nbsp;&nbsp;&nbsp;at uiAutomation.TestDriverClasses.FirstScript(TestDriverClasses.java:38)<br/>&nbsp;&nbsp;&nbsp;&nbsp;at sun.reflect.NativeMethodAccessorImpl.invoke0(Native Method)<br/>&nbsp;&nbsp;&nbsp;&nbsp;at sun.reflect.NativeMethodAccessorImpl.invoke(NativeMethodAccessorImpl.java:62)<br/>&nbsp;&nbsp;&nbsp;&nbsp;at sun.reflect.DelegatingMethodAccessorImpl.invoke(DelegatingMethodAccessorImpl.java:43)<br/>&nbsp;&nbsp;&nbsp;&nbsp;at java.lang.reflect.Method.invoke(Method.java:498)<br/>&nbsp;&nbsp;&nbsp;&nbsp;at org.testng.internal.MethodInvocationHelper.invokeMethod(MethodInvocationHelper.java:124)<br/>&nbsp;&nbsp;&nbsp;&nbsp;at org.testng.internal.Invoker.invokeMethod(Invoker.java:583)<br/>&nbsp;&nbsp;&nbsp;&nbsp;at org.testng.internal.Invoker.invokeTestMethod(Invoker.java:719)<br/>&nbsp;&nbsp;&nbsp;&nbsp;at org.testng.internal.TestMethodWithDataProviderMethodWorker.call(TestMethodWithDataProviderMethodWorker.java:71)<br/>&nbsp;&nbsp;&nbsp;&nbsp;at org.testng.internal.TestMethodWithDataProviderMethodWorker.call(TestMethodWithDataProviderMethodWorker.java:14)<br/>&nbsp;&nbsp;&nbsp;&nbsp;at java.util.concurrent.FutureTask.run(FutureTask.java:266)<br/>&nbsp;&nbsp;&nbsp;&nbsp;at java.util.concurrent.Executors$RunnableAdapter.call(Executors.java:511)<br/>&nbsp;&nbsp;&nbsp;&nbsp;at java.util.concurrent.FutureTask.run(FutureTask.java:266)<br/>&nbsp;&nbsp;&nbsp;&nbsp;at java.util.concurrent.ThreadPoolExecutor.runWorker(ThreadPoolExecutor.java:1149)<br/>&nbsp;&nbsp;&nbsp;&nbsp;at java.util.concurrent.ThreadPoolExecutor$Worker.run(ThreadPoolExecutor.java:624)<br/>&nbsp;&nbsp;&nbsp;&nbsp;at java.lang.Thread.run(Thread.java:748)<br/>Caused by: org.openqa.selenium.remote.ScreenshotException: Screen shot has been taken<br/>Build info: version: '2.53.1', revision: 'a36b8b1cd5757287168e54b817830adce9b0158d', time: '2016-06-30 19:26:09'<br/>System info: host: 'Manjuus-Mac.local', ip: '127.0.0.1', os.name: 'Mac OS X', os.arch: 'x86_64', os.version: '10.15.5', java.version: '1.8.0_171'<br/>Driver info: driver.version: DeviceWebDriver<br/>&nbsp;&nbsp;&nbsp;&nbsp;at org.openqa.selenium.remote.ErrorHandler.throwIfResponseFailed(ErrorHandler.java:138)<br/>&nbsp;&nbsp;&nbsp;&nbsp;... 32 more<br/>Caused by: org.openqa.selenium.NoSuchWindowException: no such window: target window already closed<br/>from unknown error: web view not found<br/>  (Session info: chrome=83.0.4103.97)<br/>  (Driver info: chromedriver=83.0.4103.39 (ccbf011cb2d2b19b506d844400483861342c20cd-refs/branch-heads/4103@{#416}),platform=Mac OS X 10.15.5 x86_64) (WARNING: The server did not provide any stacktrace information)<br/>Command duration or timeout: 2 milliseconds<br/>Build info: version: '2.50.0', revision: '1070ace', time: '2016-01-27 18:43:24'<br/>System info: host: 'Manjuus-Mac.local', ip: '127.0.0.1', os.name: 'Mac OS X', os.arch: 'x86_64', os.version: '10.15.5', java.version: '1.8.0_171'<br/>Driver info: org.openqa.selenium.chrome.ChromeDriver<br/>Capabilities [{mobileEmulationEnabled=false, timeouts={implicit=0, pageLoad=300000, script=30000}, hasTouchScreen=false, platform=MAC, acceptSslCerts=false, goog:chromeOptions={debuggerAddress=localhost:50836}, acceptInsecureCerts=false, webStorageEnabled=true, browserName=chrome, takesScreenshot=true, javascriptEnabled=true, setWindowRect=true, unexpectedAlertBehaviour=ignore, applicationCacheEnabled=false, rotatable=false, networkConnectionEnabled=false, chrome={chromedriverVersion=83.0.4103.39 (ccbf011cb2d2b19b506d844400483861342c20cd-refs/branch-heads/4103@{#416}), userDataDir=/var/folders/qz/47s677px17q2y7vp_bmr0l0w0000gn/T/.com.google.Chrome.SsAluM}, takesHeapSnapshot=true, pageLoadStrategy=normal, strictFileInteractability=false, databaseEnabled=false, handlesAlerts=true, version=83.0.4103.97, browserConnectionEnabled=false, proxy={}, nativeEvents=true, locationContextEnabled=true, cssSelectorsEnabled=true, webauthn:virtualAuthenticators=true}]<br/>Session ID: 9fa7ddbb37a354f4bbd4e02fb511a6f7<br/>*** Element info: {Using=xpath, value=//input[@name='house']}<br/>Build info: version: '2.53.1', revision: 'a36b8b1cd5757287168e54b817830adce9b0158d', time: '2016-06-30 19:26:09'<br/>System info: host: 'Manjuus-Mac.local', ip: '127.0.0.1', os.name: 'Mac OS X', os.arch: 'x86_64', os.version: '10.15.5', java.version: '1.8.0_171'<br/>Driver info: driver.version: EventFiringWebDriver<br/>&nbsp;&nbsp;&nbsp;&nbsp;at sun.reflect.GeneratedConstructorAccessor17.newInstance(Unknown Source)<br/>&nbsp;&nbsp;&nbsp;&nbsp;at sun.reflect.DelegatingConstructorAccessorImpl.newInstance(DelegatingConstructorAccessorImpl.java:45)<br/>&nbsp;&nbsp;&nbsp;&nbsp;at java.lang.reflect.Constructor.newInstance(Constructor.java:423)<br/>&nbsp;&nbsp;&nbsp;&nbsp;at org.openqa.selenium.remote.ErrorHandler.createThrowable(ErrorHandler.java:206)<br/>&nbsp;&nbsp;&nbsp;&nbsp;at org.openqa.selenium.remote.ErrorHandler.throwIfResponseFailed(ErrorHandler.java:158)<br/>&nbsp;&nbsp;&nbsp;&nbsp;at org.openqa.selenium.remote.RemoteWebDriver.execute(RemoteWebDriver.java:678)<br/>&nbsp;&nbsp;&nbsp;&nbsp;at org.openqa.selenium.remote.RemoteWebDriver.findElement(RemoteWebDriver.java:363)<br/>&nbsp;&nbsp;&nbsp;&nbsp;at org.openqa.selenium.remote.RemoteWebDriver.findElementByXPath(RemoteWebDriver.java:500)<br/>&nbsp;&nbsp;&nbsp;&nbsp;at org.openqa.selenium.By$ByXPath.findElement(By.java:361)<br/>&nbsp;&nbsp;&nbsp;&nbsp;at org.openqa.selenium.remote.RemoteWebDriver.findElement(RemoteWebDriver.java:355)<br/>&nbsp;&nbsp;&nbsp;&nbsp;at sun.reflect.GeneratedMethodAccessor18.invoke(Unknown Source)<br/>&nbsp;&nbsp;&nbsp;&nbsp;at sun.reflect.DelegatingMethodAccessorImpl.invoke(DelegatingMethodAccessorImpl.java:43)<br/>&nbsp;&nbsp;&nbsp;&nbsp;at java.lang.reflect.Method.invoke(Method.java:498)<br/>&nbsp;&nbsp;&nbsp;&nbsp;at org.openqa.selenium.support.events.EventFiringWebDriver$2.invoke(EventFiringWebDriver.java:103)<br/>&nbsp;&nbsp;&nbsp;&nbsp;at com.sun.proxy.$Proxy1.findElement(Unknown Source)<br/>&nbsp;&nbsp;&nbsp;&nbsp;at org.openqa.selenium.support.events.EventFiringWebDriver.findElement(EventFiringWebDriver.java:188)<br/>&nbsp;&nbsp;&nbsp;&nbsp;at org.openqa.selenium.remote.server.handler.FindElement.call(FindElement.java:48)<br/>&nbsp;&nbsp;&nbsp;&nbsp;at org.openqa.selenium.remote.server.handler.FindElement.call(FindElement.java:1)<br/>&nbsp;&nbsp;&nbsp;&nbsp;at java.util.concurrent.FutureTask.run(FutureTask.java:266)<br/>&nbsp;&nbsp;&nbsp;&nbsp;at org.openqa.selenium.remote.server.DefaultSession$1.run(DefaultSession.java:176)<br/>&nbsp;&nbsp;&nbsp;&nbsp;... 3 more<br/></h6></td><td colSpan="2" align="center"><a hRef="failure-screenshot.png" class="thumbnail"><img class="img-rounded img-responsive" src="failure-screenshot.png" style="height: 200px;"/></a><a target="_blank" class="btn btn-danger" hRef='failureDOM.html'>View Device State</a></td></tr><tr><td>errMessage<span class="pull-right text-muted" <a role="button" data-toggle="collapse" href="#exception12" aria-expanded="false" style="padding-right: 10px">View Error Detail</a></span></td><td style="vertical-align; bottom;" nowrap>19:03:56 (0ms)</td><td style="vertical-align; bottom; padding-top: 10px; " align="center"><span class="label label-danger">Fail</span></td></tr><tr class="collapse" id="exception12"><td><h6>java.lang.reflect.InvocationTargetException<br/>&nbsp;&nbsp;&nbsp;&nbsp;at sun.reflect.NativeMethodAccessorImpl.invoke0(Native Method)<br/>&nbsp;&nbsp;&nbsp;&nbsp;at sun.reflect.NativeMethodAccessorImpl.invoke(NativeMethodAccessorImpl.java:62)<br/>&nbsp;&nbsp;&nbsp;&nbsp;at sun.reflect.DelegatingMethodAccessorImpl.invoke(DelegatingMethodAccessorImpl.java:43)<br/>&nbsp;&nbsp;&nbsp;&nbsp;at java.lang.reflect.Method.invoke(Method.java:498)<br/>&nbsp;&nbsp;&nbsp;&nbsp;at org.xframium.page.factory.DefaultPageFactory.invoke(DefaultPageFactory.java:157)<br/>&nbsp;&nbsp;&nbsp;&nbsp;at com.sun.proxy.$Proxy23.updateAddress(Unknown Source)<br/>&nbsp;&nbsp;&nbsp;&nbsp;at pages.spi.PageImplInvoker.updateAddress(PageImplInvoker.java:51)<br/>&nbsp;&nbsp;&nbsp;&nbsp;at uiAutomation.TestDriverClasses.FirstScript(TestDriverClasses.java:38)<br/>&nbsp;&nbsp;&nbsp;&nbsp;at sun.reflect.NativeMethodAccessorImpl.invoke0(Native Method)<br/>&nbsp;&nbsp;&nbsp;&nbsp;at sun.reflect.NativeMethodAccessorImpl.invoke(NativeMethodAccessorImpl.java:62)<br/>&nbsp;&nbsp;&nbsp;&nbsp;at sun.reflect.DelegatingMethodAccessorImpl.invoke(DelegatingMethodAccessorImpl.java:43)<br/>&nbsp;&nbsp;&nbsp;&nbsp;at java.lang.reflect.Method.invoke(Method.java:498)<br/>&nbsp;&nbsp;&nbsp;&nbsp;at org.testng.internal.MethodInvocationHelper.invokeMethod(MethodInvocationHelper.java:124)<br/>&nbsp;&nbsp;&nbsp;&nbsp;at org.testng.internal.Invoker.invokeMethod(Invoker.java:583)<br/>&nbsp;&nbsp;&nbsp;&nbsp;at org.testng.internal.Invoker.invokeTestMethod(Invoker.java:719)<br/>&nbsp;&nbsp;&nbsp;&nbsp;at org.testng.internal.TestMethodWithDataProviderMethodWorker.call(TestMethodWithDataProviderMethodWorker.java:71)<br/>&nbsp;&nbsp;&nbsp;&nbsp;at org.testng.internal.TestMethodWithDataProviderMethodWorker.call(TestMethodWithDataProviderMethodWorker.java:14)<br/>&nbsp;&nbsp;&nbsp;&nbsp;at java.util.concurrent.FutureTask.run(FutureTask.java:266)<br/>&nbsp;&nbsp;&nbsp;&nbsp;at java.util.concurrent.Executors$RunnableAdapter.call(Executors.java:511)<br/>&nbsp;&nbsp;&nbsp;&nbsp;at java.util.concurrent.FutureTask.run(FutureTask.java:266)<br/>&nbsp;&nbsp;&nbsp;&nbsp;at java.util.concurrent.ThreadPoolExecutor.runWorker(ThreadPoolExecutor.java:1149)<br/>&nbsp;&nbsp;&nbsp;&nbsp;at java.util.concurrent.ThreadPoolExecutor$Worker.run(ThreadPoolExecutor.java:624)<br/>&nbsp;&nbsp;&nbsp;&nbsp;at java.lang.Thread.run(Thread.java:748)<br/>Caused by: org.openqa.selenium.NoSuchWindowException: no such window: target window already closed<br/>from unknown error: web view not found<br/>  (Session info: chrome=83.0.4103.97)<br/>  (Driver info: chromedriver=83.0.4103.39 (ccbf011cb2d2b19b506d844400483861342c20cd-refs/branch-heads/4103@{#416}),platform=Mac OS X 10.15.5 x86_64) (WARNING: The server did not provide any stacktrace information)<br/>Command duration or timeout: 2 milliseconds<br/>Build info: version: '2.50.0', revision: '1070ace', time: '2016-01-27 18:43:24'<br/>System info: host: 'Manjuus-Mac.local', ip: '127.0.0.1', os.name: 'Mac OS X', os.arch: 'x86_64', os.version: '10.15.5', java.version: '1.8.0_171'<br/>Driver info: org.openqa.selenium.chrome.ChromeDriver<br/>Capabilities [{mobileEmulationEnabled=false, timeouts={implicit=0, pageLoad=300000, script=30000}, hasTouchScreen=false, platform=MAC, acceptSslCerts=false, goog:chromeOptions={debuggerAddress=localhost:50836}, acceptInsecureCerts=false, webStorageEnabled=true, browserName=chrome, takesScreenshot=true, javascriptEnabled=true, setWindowRect=true, unexpectedAlertBehaviour=ignore, applicationCacheEnabled=false, rotatable=false, networkConnectionEnabled=false, chrome={chromedriverVersion=83.0.4103.39 (ccbf011cb2d2b19b506d844400483861342c20cd-refs/branch-heads/4103@{#416}), userDataDir=/var/folders/qz/47s677px17q2y7vp_bmr0l0w0000gn/T/.com.google.Chrome.SsAluM}, takesHeapSnapshot=true, pageLoadStrategy=normal, strictFileInteractability=false, databaseEnabled=false, handlesAlerts=true, version=83.0.4103.97, browserConnectionEnabled=false, proxy={}, nativeEvents=true, locationContextEnabled=true, cssSelectorsEnabled=true, webauthn:virtualAuthenticators=true}]<br/>Session ID: 9fa7ddbb37a354f4bbd4e02fb511a6f7<br/>*** Element info: {Using=xpath, value=//input[@name='house']}<br/>Command duration or timeout: 743 milliseconds<br/>Build info: version: '2.53.1', revision: 'a36b8b1cd5757287168e54b817830adce9b0158d', time: '2016-06-30 19:26:09'<br/>System info: host: 'Manjuus-Mac.local', ip: '127.0.0.1', os.name: 'Mac OS X', os.arch: 'x86_64', os.version: '10.15.5', java.version: '1.8.0_171'<br/>Driver info: org.openqa.selenium.remote.RemoteWebDriver<br/>Capabilities [{mobileEmulationEnabled=false, timeouts={implicit=0, pageLoad=300000, script=30000}, hasTouchScreen=false, platform=MAC, acceptSslCerts=false, goog:chromeOptions={debuggerAddress=localhost:50836}, acceptInsecureCerts=false, webStorageEnabled=true, browserName=chrome, takesScreenshot=true, javascriptEnabled=true, setWindowRect=true, unexpectedAlertBehaviour=ignore, applicationCacheEnabled=false, rotatable=false, networkConnectionEnabled=false, chrome={chromedriverVersion=83.0.4103.39 (ccbf011cb2d2b19b506d844400483861342c20cd-refs/branch-heads/4103@{#416}), userDataDir=/var/folders/qz/47s677px17q2y7vp_bmr0l0w0000gn/T/.com.google.Chrome.SsAluM}, takesHeapSnapshot=true, pageLoadStrategy=normal, strictFileInteractability=false, databaseEnabled=false, handlesAlerts=true, version=83.0.4103.97, browserConnectionEnabled=false, proxy={}, nativeEvents=true, webdriver.remote.sessionid=c7f9f003-090b-42c0-8e12-ef0ffcc6128c, locationContextEnabled=true, cssSelectorsEnabled=true, webauthn:virtualAuthenticators=true}]<br/>Session ID: c7f9f003-090b-42c0-8e12-ef0ffcc6128c<br/>*** Element info: {Using=xpath, value=//input[@name='house']}<br/>&nbsp;&nbsp;&nbsp;&nbsp;at sun.reflect.GeneratedConstructorAccessor39.newInstance(Unknown Source)<br/>&nbsp;&nbsp;&nbsp;&nbsp;at sun.reflect.DelegatingConstructorAccessorImpl.newInstance(DelegatingConstructorAccessorImpl.java:45)<br/>&nbsp;&nbsp;&nbsp;&nbsp;at java.lang.reflect.Constructor.newInstance(Constructor.java:423)<br/>&nbsp;&nbsp;&nbsp;&nbsp;at org.openqa.selenium.remote.ErrorHandler.createThrowable(ErrorHandler.java:206)<br/>&nbsp;&nbsp;&nbsp;&nbsp;at org.openqa.selenium.remote.ErrorHandler.throwIfResponseFailed(ErrorHandler.java:158)<br/>&nbsp;&nbsp;&nbsp;&nbsp;at org.openqa.selenium.remote.RemoteWebDriver.execute(RemoteWebDriver.java:678)<br/>&nbsp;&nbsp;&nbsp;&nbsp;at org.openqa.selenium.remote.RemoteWebDriver.findElement(RemoteWebDriver.java:363)<br/>&nbsp;&nbsp;&nbsp;&nbsp;at org.openqa.selenium.remote.RemoteWebDriver.findElementByXPath(RemoteWebDriver.java:500)<br/>&nbsp;&nbsp;&nbsp;&nbsp;at org.openqa.selenium.By$ByXPath.findElement(By.java:361)<br/>&nbsp;&nbsp;&nbsp;&nbsp;at org.openqa.selenium.remote.RemoteWebDriver.findElement(RemoteWebDriver.java:355)<br/>&nbsp;&nbsp;&nbsp;&nbsp;at org.xframium.device.factory.DeviceWebDriver.findElement(DeviceWebDriver.java:497)<br/>&nbsp;&nbsp;&nbsp;&nbsp;at functions.GenericFunctions._setValue(GenericFunctions.java:221)<br/>&nbsp;&nbsp;&nbsp;&nbsp;at utility.CustomAbstractPage._setValue(CustomAbstractPage.java:102)<br/>&nbsp;&nbsp;&nbsp;&nbsp;at pages.spi.AddressImpl.updateAddress(AddressImpl.java:113)<br/>&nbsp;&nbsp;&nbsp;&nbsp;... 23 more<br/>Caused by: org.openqa.selenium.remote.ScreenshotException: Screen shot has been taken<br/>Build info: version: '2.53.1', revision: 'a36b8b1cd5757287168e54b817830adce9b0158d', time: '2016-06-30 19:26:09'<br/>System info: host: 'Manjuus-Mac.local', ip: '127.0.0.1', os.name: 'Mac OS X', os.arch: 'x86_64', os.version: '10.15.5', java.version: '1.8.0_171'<br/>Driver info: driver.version: DeviceWebDriver<br/>&nbsp;&nbsp;&nbsp;&nbsp;at org.openqa.selenium.remote.ErrorHandler.throwIfResponseFailed(ErrorHandler.java:138)<br/>&nbsp;&nbsp;&nbsp;&nbsp;... 32 more<br/>Caused by: org.openqa.selenium.NoSuchWindowException: no such window: target window already closed<br/>from unknown error: web view not found<br/>  (Session info: chrome=83.0.4103.97)<br/>  (Driver info: chromedriver=83.0.4103.39 (ccbf011cb2d2b19b506d844400483861342c20cd-refs/branch-heads/4103@{#416}),platform=Mac OS X 10.15.5 x86_64) (WARNING: The server did not provide any stacktrace information)<br/>Command duration or timeout: 2 milliseconds<br/>Build info: version: '2.50.0', revision: '1070ace', time: '2016-01-27 18:43:24'<br/>System info: host: 'Manjuus-Mac.local', ip: '127.0.0.1', os.name: 'Mac OS X', os.arch: 'x86_64', os.version: '10.15.5', java.version: '1.8.0_171'<br/>Driver info: org.openqa.selenium.chrome.ChromeDriver<br/>Capabilities [{mobileEmulationEnabled=false, timeouts={implicit=0, pageLoad=300000, script=30000}, hasTouchScreen=false, platform=MAC, acceptSslCerts=false, goog:chromeOptions={debuggerAddress=localhost:50836}, acceptInsecureCerts=false, webStorageEnabled=true, browserName=chrome, takesScreenshot=true, javascriptEnabled=true, setWindowRect=true, unexpectedAlertBehaviour=ignore, applicationCacheEnabled=false, rotatable=false, networkConnectionEnabled=false, chrome={chromedriverVersion=83.0.4103.39 (ccbf011cb2d2b19b506d844400483861342c20cd-refs/branch-heads/4103@{#416}), userDataDir=/var/folders/qz/47s677px17q2y7vp_bmr0l0w0000gn/T/.com.google.Chrome.SsAluM}, takesHeapSnapshot=true, pageLoadStrategy=normal, strictFileInteractability=false, databaseEnabled=false, handlesAlerts=true, version=83.0.4103.97, browserConnectionEnabled=false, proxy={}, nativeEvents=true, locationContextEnabled=true, cssSelectorsEnabled=true, webauthn:virtualAuthenticators=true}]<br/>Session ID: 9fa7ddbb37a354f4bbd4e02fb511a6f7<br/>*** Element info: {Using=xpath, value=//input[@name='house']}<br/>Build info: version: '2.53.1', revision: 'a36b8b1cd5757287168e54b817830adce9b0158d', time: '2016-06-30 19:26:09'<br/>System info: host: 'Manjuus-Mac.local', ip: '127.0.0.1', os.name: 'Mac OS X', os.arch: 'x86_64', os.version: '10.15.5', java.version: '1.8.0_171'<br/>Driver info: driver.version: EventFiringWebDriver<br/>&nbsp;&nbsp;&nbsp;&nbsp;at sun.reflect.GeneratedConstructorAccessor17.newInstance(Unknown Source)<br/>&nbsp;&nbsp;&nbsp;&nbsp;at sun.reflect.DelegatingConstructorAccessorImpl.newInstance(DelegatingConstructorAccessorImpl.java:45)<br/>&nbsp;&nbsp;&nbsp;&nbsp;at java.lang.reflect.Constructor.newInstance(Constructor.java:423)<br/>&nbsp;&nbsp;&nbsp;&nbsp;at org.openqa.selenium.remote.ErrorHandler.createThrowable(ErrorHandler.java:206)<br/>&nbsp;&nbsp;&nbsp;&nbsp;at org.openqa.selenium.remote.ErrorHandler.throwIfResponseFailed(ErrorHandler.java:158)<br/>&nbsp;&nbsp;&nbsp;&nbsp;at org.openqa.selenium.remote.RemoteWebDriver.execute(RemoteWebDriver.java:678)<br/>&nbsp;&nbsp;&nbsp;&nbsp;at org.openqa.selenium.remote.RemoteWebDriver.findElement(RemoteWebDriver.java:363)<br/>&nbsp;&nbsp;&nbsp;&nbsp;at org.openqa.selenium.remote.RemoteWebDriver.findElementByXPath(RemoteWebDriver.java:500)<br/>&nbsp;&nbsp;&nbsp;&nbsp;at org.openqa.selenium.By$ByXPath.findElement(By.java:361)<br/>&nbsp;&nbsp;&nbsp;&nbsp;at org.openqa.selenium.remote.RemoteWebDriver.findElement(RemoteWebDriver.java:355)<br/>&nbsp;&nbsp;&nbsp;&nbsp;at sun.reflect.GeneratedMethodAccessor18.invoke(Unknown Source)<br/>&nbsp;&nbsp;&nbsp;&nbsp;at sun.reflect.DelegatingMethodAccessorImpl.invoke(DelegatingMethodAccessorImpl.java:43)<br/>&nbsp;&nbsp;&nbsp;&nbsp;at java.lang.reflect.Method.invoke(Method.java:498)<br/>&nbsp;&nbsp;&nbsp;&nbsp;at org.openqa.selenium.support.events.EventFiringWebDriver$2.invoke(EventFiringWebDriver.java:103)<br/>&nbsp;&nbsp;&nbsp;&nbsp;at com.sun.proxy.$Proxy1.findElement(Unknown Source)<br/>&nbsp;&nbsp;&nbsp;&nbsp;at org.openqa.selenium.support.events.EventFiringWebDriver.findElement(EventFiringWebDriver.java:188)<br/>&nbsp;&nbsp;&nbsp;&nbsp;at org.openqa.selenium.remote.server.handler.FindElement.call(FindElement.java:48)<br/>&nbsp;&nbsp;&nbsp;&nbsp;at org.openqa.selenium.remote.server.handler.FindElement.call(FindElement.java:1)<br/>&nbsp;&nbsp;&nbsp;&nbsp;at java.util.concurrent.FutureTask.run(FutureTask.java:266)<br/>&nbsp;&nbsp;&nbsp;&nbsp;at org.openqa.selenium.remote.server.DefaultSession$1.run(DefaultSession.java:176)<br/>&nbsp;&nbsp;&nbsp;&nbsp;... 3 more<br/></h6></td><td colSpan="2" align="center"><a hRef="failure-screenshot.png" class="thumbnail"><img class="img-rounded img-responsive" src="failure-screenshot.png" style="height: 200px;"/></a><a target="_blank" class="btn btn-danger" hRef='failureDOM.html'>View Device State</a></td></tr></TABLE></div></div><div role="tabpanel" class="tab-pane" id="console"><div id="list"><p><iframe src="console.txt" frameborder="0" height="100%" width="100%"></iframe></p></div></div><div role="tabpanel" class="tab-pane" id="wcag"><div id="list"><p><iframe src="wcag.html" frameborder="0" height="100%" width="100%"></iframe></p></div></div><div role="tabpanel" class="tab-pane" id="external"><div class="list-group"></div></div></div></div></BODY><script src="http://www.xframium.org/output/assets/js/jquery.min.js"></script><script src="http://www.xframium.org/output/assets/js/chart.js"></script><script src="http://www.xframium.org/output/assets/js/tablesorter.min.js"></script><script src="http://www.xframium.org/output/assets/js/toolkit.js"></script><script src="http://www.xframium.org/output/assets/js/application.js"></script><script>$('.link-tab').click(function() {window.open($(this).attr('href'));});</script></HTML>