<html><head><link href="http://fonts.googleapis.com/css?family=Roboto:300,400,500,700,400italic" rel="stylesheet"><link href="http://www.xframium.org/output/assets/css/toolkit-inverse.css" rel="stylesheet"><link href="http://www.xframium.org/output/assets/css/application.css" rel="stylesheet"><style>iframe {background-color: #eaeae1;} .abscenter { margin: auto; position: absolute; top: 0; left: 0; bottom: 0; right: 0; } .pass {color: #1bc98e;}.fail {color: #e64759;} .pageName { color: #e4d836; } .elementName { color: #e4d836; }</style></head><body><div class="container"><div class="col-sm-12 content"><div class="dashhead"><span class="pull-right text-muted">09-14-2020 at 16:42:22 IST</span><h6 class="dashhead-subtitle">xFramium  1.0.5</h6><h3 class="dashhead-title">Chrome_FirstScript[DS001]</h3><h6> / OS X Chrome 54.0 on 127.0.0.1:4444 (SELENIUM)</h6></div><br /><div class="row statcards"><div class="col-sm-1 m-b"></div><div class="col-sm-2 m-b"><div class="statcard statcard-success"><div class="p-a"><span class="statcard-desc">Passed</span><h4 class="statcard-number">2</h4></div></div></div><div class="col-sm-2 m-b"><div class="statcard statcard-warning"><div class="p-a"><span class="statcard-desc">Ignored</span><h4 class="statcard-number">0</h4></div></div></div><div class="col-sm-2 m-b"><div class="statcard statcard-danger"><div class="p-a"><span class="statcard-desc">Failed</span><h4 class="statcard-number">1</h4></div></div></div><div class="col-sm-2 m-b"><div class="statcard statcard-info"><div class="p-a"><span class="statcard-desc">Total Steps</span><h4 class="statcard-number">3</h4></div></div></div><div class="col-sm-2 m-b"><div class="statcard statcard-info"><div class="p-a"><span class="statcard-desc">Duration</span><h4 class="statcard-number"> 0h  1m 31s</h4></div></div></div></div><br /><br/><ul class="nav nav-tabs" role="tablist"><li role="presentation" class="active"><a href="#detail" aria-controls="detail" role="tab" data-toggle="tab">Steps</a></li><li role="presentation"><a href="#console" aria-controls="console" role="tab" data-toggle="tab">Console Log</a></li><li role="presentation"><a href="#wcag" aria-controls="wcag" role="tab" data-toggle="tab">WCAG Report</a></li><li role="presentation"><a class=link-tab hRef="Chrome_FirstScript[DS001].csv" class="list-group-item">Execution Record</a></li><li role="presentation"><a href="#external" aria-controls="external" role="tab" data-toggle="tab">Links</a></li><span class="pull-right text-muted"><a hRef="../../index.html">Return to Test Execution Summary</a></span></ul><div class="tab-content"><div role="tabpanel" class="tab-pane active" id="detail"><div class="table-responsive table-bordered"><table class="table table-hover table-condensed"><thead><th width="80%">Steps Performed</th><th width="20%">Started</th><th align=center width="0%">Status</th></thead><tr><td>Click on the <span class="elementName">btn_Login</span> element on the page <span class="pageName">Login</span></td><td style="vertical-align; bottom;" nowrap>16:39:45 (369ms)</td><td style="vertical-align; bottom; padding-top: 10px; " align="center"><span class="label label-success"><b>Pass</b></span></td></tr><tr><td>Click on the <span class="elementName">btn_gmail</span> element on the page <span class="pageName">Login</span></td><td style="vertical-align; bottom;" nowrap>16:39:49 (339ms)</td><td style="vertical-align; bottom; padding-top: 10px; " align="center"><span class="label label-success"><b>Pass</b></span></td></tr><tr><td>Set the value of the <span class="elementName">txt_username</span> element on the page <span class="pageName">Login</span> to <span class="pass"><b>manjuunothda@gmail.com</b></span><span class="pull-right text-muted" <a role="button" data-toggle="collapse" href="#exception2" aria-expanded="false" style="padding-right: 10px">View Error Detail</a></span></td><td style="vertical-align; bottom;" nowrap>16:41:22 (91144ms)</td><td style="vertical-align; bottom; padding-top: 10px; " align="center"><span class="label label-danger">Fail</span></td></tr><tr class="collapse" id="exception2"><td><h6>org.openqa.selenium.NoSuchElementException: no such element: Unable to locate element: {"method":"xpath","selector":"//input[@type='email']"}<br/>  (Session info: chrome=85.0.4183.102)<br/>  (Driver info: chromedriver=85.0.4183.87 (cd6713ebf92fa1cacc0f1a598df280093af0c5d7-refs/branch-heads/4183@{#1689}),platform=Mac OS X 10.15.6 x86_64) (WARNING: The server did not provide any stacktrace information)<br/>Command duration or timeout: 45.04 seconds<br/>For documentation on this error, please visit: http://seleniumhq.org/exceptions/no_such_element.html<br/>Build info: version: '2.50.0', revision: '1070ace', time: '2016-01-27 18:43:24'<br/>System info: host: 'Manjuus-Mac.local', ip: '127.0.0.1', os.name: 'Mac OS X', os.arch: 'x86_64', os.version: '10.15.6', java.version: '1.8.0_171'<br/>Driver info: org.openqa.selenium.chrome.ChromeDriver<br/>Capabilities [{mobileEmulationEnabled=false, timeouts={implicit=0, pageLoad=300000, script=30000}, hasTouchScreen=false, platform=MAC, acceptSslCerts=false, goog:chromeOptions={debuggerAddress=localhost:50531}, acceptInsecureCerts=false, webStorageEnabled=true, browserName=chrome, takesScreenshot=true, javascriptEnabled=true, setWindowRect=true, unexpectedAlertBehaviour=ignore, applicationCacheEnabled=false, rotatable=false, networkConnectionEnabled=false, chrome={chromedriverVersion=85.0.4183.87 (cd6713ebf92fa1cacc0f1a598df280093af0c5d7-refs/branch-heads/4183@{#1689}), userDataDir=/var/folders/qz/47s677px17q2y7vp_bmr0l0w0000gn/T/.com.google.Chrome.QFAs7h}, takesHeapSnapshot=true, pageLoadStrategy=normal, strictFileInteractability=false, databaseEnabled=false, handlesAlerts=true, version=85.0.4183.102, browserConnectionEnabled=false, proxy={}, nativeEvents=true, locationContextEnabled=true, cssSelectorsEnabled=true, webauthn:virtualAuthenticators=true}]<br/>Session ID: 3e754db84a56e9304bd20d6796e91114<br/>*** Element info: {Using=xpath, value=//input[@type='email']}<br/>Command duration or timeout: 45.49 seconds<br/>For documentation on this error, please visit: http://seleniumhq.org/exceptions/no_such_element.html<br/>Build info: version: '2.53.1', revision: 'a36b8b1cd5757287168e54b817830adce9b0158d', time: '2016-06-30 19:26:09'<br/>System info: host: 'Manjuus-Mac.local', ip: '192.168.1.103', os.name: 'Mac OS X', os.arch: 'x86_64', os.version: '10.15.6', java.version: '1.8.0_171'<br/>Driver info: org.openqa.selenium.remote.RemoteWebDriver<br/>Capabilities [{mobileEmulationEnabled=false, timeouts={implicit=0, pageLoad=300000, script=30000}, hasTouchScreen=false, platform=MAC, acceptSslCerts=false, goog:chromeOptions={debuggerAddress=localhost:50531}, acceptInsecureCerts=false, webStorageEnabled=true, browserName=chrome, takesScreenshot=true, javascriptEnabled=true, setWindowRect=true, unexpectedAlertBehaviour=ignore, applicationCacheEnabled=false, rotatable=false, networkConnectionEnabled=false, chrome={chromedriverVersion=85.0.4183.87 (cd6713ebf92fa1cacc0f1a598df280093af0c5d7-refs/branch-heads/4183@{#1689}), userDataDir=/var/folders/qz/47s677px17q2y7vp_bmr0l0w0000gn/T/.com.google.Chrome.QFAs7h}, takesHeapSnapshot=true, pageLoadStrategy=normal, strictFileInteractability=false, databaseEnabled=false, handlesAlerts=true, version=85.0.4183.102, browserConnectionEnabled=false, proxy={}, nativeEvents=true, webdriver.remote.sessionid=c97f16bb-ecb1-4579-b669-db4cc3dc3421, locationContextEnabled=true, cssSelectorsEnabled=true, webauthn:virtualAuthenticators=true}]<br/>Session ID: c97f16bb-ecb1-4579-b669-db4cc3dc3421<br/>*** Element info: {Using=xpath, value=//input[@type='email']}<br/>&nbsp;&nbsp;&nbsp;&nbsp;at sun.reflect.NativeConstructorAccessorImpl.newInstance0(Native Method)<br/>&nbsp;&nbsp;&nbsp;&nbsp;at sun.reflect.NativeConstructorAccessorImpl.newInstance(NativeConstructorAccessorImpl.java:62)<br/>&nbsp;&nbsp;&nbsp;&nbsp;at sun.reflect.DelegatingConstructorAccessorImpl.newInstance(DelegatingConstructorAccessorImpl.java:45)<br/>&nbsp;&nbsp;&nbsp;&nbsp;at java.lang.reflect.Constructor.newInstance(Constructor.java:423)<br/>&nbsp;&nbsp;&nbsp;&nbsp;at org.openqa.selenium.remote.ErrorHandler.createThrowable(ErrorHandler.java:206)<br/>&nbsp;&nbsp;&nbsp;&nbsp;at org.openqa.selenium.remote.ErrorHandler.throwIfResponseFailed(ErrorHandler.java:158)<br/>&nbsp;&nbsp;&nbsp;&nbsp;at org.openqa.selenium.remote.RemoteWebDriver.execute(RemoteWebDriver.java:678)<br/>&nbsp;&nbsp;&nbsp;&nbsp;at org.openqa.selenium.remote.RemoteWebDriver.findElement(RemoteWebDriver.java:363)<br/>&nbsp;&nbsp;&nbsp;&nbsp;at org.openqa.selenium.remote.RemoteWebDriver.findElementByXPath(RemoteWebDriver.java:500)<br/>&nbsp;&nbsp;&nbsp;&nbsp;at org.openqa.selenium.By$ByXPath.findElement(By.java:361)<br/>&nbsp;&nbsp;&nbsp;&nbsp;at org.openqa.selenium.remote.RemoteWebDriver.findElement(RemoteWebDriver.java:355)<br/>&nbsp;&nbsp;&nbsp;&nbsp;at org.xframium.device.factory.DeviceWebDriver.findElement(DeviceWebDriver.java:497)<br/>&nbsp;&nbsp;&nbsp;&nbsp;at functions.GenericFunctions._setValue(GenericFunctions.java:220)<br/>&nbsp;&nbsp;&nbsp;&nbsp;at utility.CustomAbstractPage._setValue(CustomAbstractPage.java:102)<br/>&nbsp;&nbsp;&nbsp;&nbsp;at pages.spi.LoginImpl.Login(LoginImpl.java:80)<br/>&nbsp;&nbsp;&nbsp;&nbsp;at sun.reflect.NativeMethodAccessorImpl.invoke0(Native Method)<br/>&nbsp;&nbsp;&nbsp;&nbsp;at sun.reflect.NativeMethodAccessorImpl.invoke(NativeMethodAccessorImpl.java:62)<br/>&nbsp;&nbsp;&nbsp;&nbsp;at sun.reflect.DelegatingMethodAccessorImpl.invoke(DelegatingMethodAccessorImpl.java:43)<br/>&nbsp;&nbsp;&nbsp;&nbsp;at java.lang.reflect.Method.invoke(Method.java:498)<br/>&nbsp;&nbsp;&nbsp;&nbsp;at org.xframium.page.factory.DefaultPageFactory.invoke(DefaultPageFactory.java:157)<br/>&nbsp;&nbsp;&nbsp;&nbsp;at com.sun.proxy.$Proxy20.Login(Unknown Source)<br/>&nbsp;&nbsp;&nbsp;&nbsp;at pages.spi.PageImplInvoker.Login(PageImplInvoker.java:21)<br/>&nbsp;&nbsp;&nbsp;&nbsp;at uiAutomation.TestDriverClasses.FirstScript(TestDriverClasses.java:33)<br/>&nbsp;&nbsp;&nbsp;&nbsp;at sun.reflect.NativeMethodAccessorImpl.invoke0(Native Method)<br/>&nbsp;&nbsp;&nbsp;&nbsp;at sun.reflect.NativeMethodAccessorImpl.invoke(NativeMethodAccessorImpl.java:62)<br/>&nbsp;&nbsp;&nbsp;&nbsp;at sun.reflect.DelegatingMethodAccessorImpl.invoke(DelegatingMethodAccessorImpl.java:43)<br/>&nbsp;&nbsp;&nbsp;&nbsp;at java.lang.reflect.Method.invoke(Method.java:498)<br/>&nbsp;&nbsp;&nbsp;&nbsp;at org.testng.internal.MethodInvocationHelper.invokeMethod(MethodInvocationHelper.java:108)<br/>&nbsp;&nbsp;&nbsp;&nbsp;at org.testng.internal.Invoker.invokeMethod(Invoker.java:661)<br/>&nbsp;&nbsp;&nbsp;&nbsp;at org.testng.internal.Invoker.invokeTestMethod(Invoker.java:869)<br/>&nbsp;&nbsp;&nbsp;&nbsp;at org.testng.internal.TestMethodWithDataProviderMethodWorker.call(TestMethodWithDataProviderMethodWorker.java:75)<br/>&nbsp;&nbsp;&nbsp;&nbsp;at org.testng.internal.TestMethodWithDataProviderMethodWorker.call(TestMethodWithDataProviderMethodWorker.java:14)<br/>&nbsp;&nbsp;&nbsp;&nbsp;at java.util.concurrent.FutureTask.run(FutureTask.java:266)<br/>&nbsp;&nbsp;&nbsp;&nbsp;at java.util.concurrent.Executors$RunnableAdapter.call(Executors.java:511)<br/>&nbsp;&nbsp;&nbsp;&nbsp;at java.util.concurrent.FutureTask.run(FutureTask.java:266)<br/>&nbsp;&nbsp;&nbsp;&nbsp;at java.util.concurrent.ThreadPoolExecutor.runWorker(ThreadPoolExecutor.java:1149)<br/>&nbsp;&nbsp;&nbsp;&nbsp;at java.util.concurrent.ThreadPoolExecutor$Worker.run(ThreadPoolExecutor.java:624)<br/>&nbsp;&nbsp;&nbsp;&nbsp;at java.lang.Thread.run(Thread.java:748)<br/>Caused by: org.openqa.selenium.remote.ScreenshotException: Screen shot has been taken<br/>Build info: version: '2.53.1', revision: 'a36b8b1cd5757287168e54b817830adce9b0158d', time: '2016-06-30 19:26:09'<br/>System info: host: 'Manjuus-Mac.local', ip: '192.168.1.103', os.name: 'Mac OS X', os.arch: 'x86_64', os.version: '10.15.6', java.version: '1.8.0_171'<br/>Driver info: driver.version: DeviceWebDriver<br/>&nbsp;&nbsp;&nbsp;&nbsp;at org.openqa.selenium.remote.ErrorHandler.throwIfResponseFailed(ErrorHandler.java:138)<br/>&nbsp;&nbsp;&nbsp;&nbsp;... 32 more<br/>Caused by: org.openqa.selenium.NoSuchElementException: no such element: Unable to locate element: {"method":"xpath","selector":"//input[@type='email']"}<br/>  (Session info: chrome=85.0.4183.102)<br/>  (Driver info: chromedriver=85.0.4183.87 (cd6713ebf92fa1cacc0f1a598df280093af0c5d7-refs/branch-heads/4183@{#1689}),platform=Mac OS X 10.15.6 x86_64) (WARNING: The server did not provide any stacktrace information)<br/>Command duration or timeout: 45.04 seconds<br/>For documentation on this error, please visit: http://seleniumhq.org/exceptions/no_such_element.html<br/>Build info: version: '2.50.0', revision: '1070ace', time: '2016-01-27 18:43:24'<br/>System info: host: 'Manjuus-Mac.local', ip: '127.0.0.1', os.name: 'Mac OS X', os.arch: 'x86_64', os.version: '10.15.6', java.version: '1.8.0_171'<br/>Driver info: org.openqa.selenium.chrome.ChromeDriver<br/>Capabilities [{mobileEmulationEnabled=false, timeouts={implicit=0, pageLoad=300000, script=30000}, hasTouchScreen=false, platform=MAC, acceptSslCerts=false, goog:chromeOptions={debuggerAddress=localhost:50531}, acceptInsecureCerts=false, webStorageEnabled=true, browserName=chrome, takesScreenshot=true, javascriptEnabled=true, setWindowRect=true, unexpectedAlertBehaviour=ignore, applicationCacheEnabled=false, rotatable=false, networkConnectionEnabled=false, chrome={chromedriverVersion=85.0.4183.87 (cd6713ebf92fa1cacc0f1a598df280093af0c5d7-refs/branch-heads/4183@{#1689}), userDataDir=/var/folders/qz/47s677px17q2y7vp_bmr0l0w0000gn/T/.com.google.Chrome.QFAs7h}, takesHeapSnapshot=true, pageLoadStrategy=normal, strictFileInteractability=false, databaseEnabled=false, handlesAlerts=true, version=85.0.4183.102, browserConnectionEnabled=false, proxy={}, nativeEvents=true, locationContextEnabled=true, cssSelectorsEnabled=true, webauthn:virtualAuthenticators=true}]<br/>Session ID: 3e754db84a56e9304bd20d6796e91114<br/>*** Element info: {Using=xpath, value=//input[@type='email']}<br/>For documentation on this error, please visit: http://seleniumhq.org/exceptions/no_such_element.html<br/>Build info: version: '2.53.1', revision: 'a36b8b1cd5757287168e54b817830adce9b0158d', time: '2016-06-30 19:26:09'<br/>System info: host: 'Manjuus-Mac.local', ip: '192.168.1.103', os.name: 'Mac OS X', os.arch: 'x86_64', os.version: '10.15.6', java.version: '1.8.0_171'<br/>Driver info: driver.version: EventFiringWebDriver<br/>&nbsp;&nbsp;&nbsp;&nbsp;at sun.reflect.NativeConstructorAccessorImpl.newInstance0(Native Method)<br/>&nbsp;&nbsp;&nbsp;&nbsp;at sun.reflect.NativeConstructorAccessorImpl.newInstance(NativeConstructorAccessorImpl.java:62)<br/>&nbsp;&nbsp;&nbsp;&nbsp;at sun.reflect.DelegatingConstructorAccessorImpl.newInstance(DelegatingConstructorAccessorImpl.java:45)<br/>&nbsp;&nbsp;&nbsp;&nbsp;at java.lang.reflect.Constructor.newInstance(Constructor.java:423)<br/>&nbsp;&nbsp;&nbsp;&nbsp;at org.openqa.selenium.remote.ErrorHandler.createThrowable(ErrorHandler.java:206)<br/>&nbsp;&nbsp;&nbsp;&nbsp;at org.openqa.selenium.remote.ErrorHandler.throwIfResponseFailed(ErrorHandler.java:158)<br/>&nbsp;&nbsp;&nbsp;&nbsp;at org.openqa.selenium.remote.RemoteWebDriver.execute(RemoteWebDriver.java:678)<br/>&nbsp;&nbsp;&nbsp;&nbsp;at org.openqa.selenium.remote.RemoteWebDriver.findElement(RemoteWebDriver.java:363)<br/>&nbsp;&nbsp;&nbsp;&nbsp;at org.openqa.selenium.remote.RemoteWebDriver.findElementByXPath(RemoteWebDriver.java:500)<br/>&nbsp;&nbsp;&nbsp;&nbsp;at org.openqa.selenium.By$ByXPath.findElement(By.java:361)<br/>&nbsp;&nbsp;&nbsp;&nbsp;at org.openqa.selenium.remote.RemoteWebDriver.findElement(RemoteWebDriver.java:355)<br/>&nbsp;&nbsp;&nbsp;&nbsp;at sun.reflect.GeneratedMethodAccessor19.invoke(Unknown Source)<br/>&nbsp;&nbsp;&nbsp;&nbsp;at sun.reflect.DelegatingMethodAccessorImpl.invoke(DelegatingMethodAccessorImpl.java:43)<br/>&nbsp;&nbsp;&nbsp;&nbsp;at java.lang.reflect.Method.invoke(Method.java:498)<br/>&nbsp;&nbsp;&nbsp;&nbsp;at org.openqa.selenium.support.events.EventFiringWebDriver$2.invoke(EventFiringWebDriver.java:103)<br/>&nbsp;&nbsp;&nbsp;&nbsp;at com.sun.proxy.$Proxy1.findElement(Unknown Source)<br/>&nbsp;&nbsp;&nbsp;&nbsp;at org.openqa.selenium.support.events.EventFiringWebDriver.findElement(EventFiringWebDriver.java:188)<br/>&nbsp;&nbsp;&nbsp;&nbsp;at org.openqa.selenium.remote.server.handler.FindElement.call(FindElement.java:48)<br/>&nbsp;&nbsp;&nbsp;&nbsp;at org.openqa.selenium.remote.server.handler.FindElement.call(FindElement.java:1)<br/>&nbsp;&nbsp;&nbsp;&nbsp;at java.util.concurrent.FutureTask.run(FutureTask.java:266)<br/>&nbsp;&nbsp;&nbsp;&nbsp;at org.openqa.selenium.remote.server.DefaultSession$1.run(DefaultSession.java:176)<br/>&nbsp;&nbsp;&nbsp;&nbsp;... 3 more<br/></h6></td><td colSpan="2" align="center"><a hRef="failure-screenshot.png" class="thumbnail"><img class="img-rounded img-responsive" src="failure-screenshot.png" style="height: 200px;"/></a><a target="_blank" class="btn btn-danger" hRef='failureDOM.html'>View Device State</a></td></tr></TABLE></div></div><div role="tabpanel" class="tab-pane" id="console"><div id="list"><p><iframe src="console.txt" frameborder="0" height="100%" width="100%"></iframe></p></div></div><div role="tabpanel" class="tab-pane" id="wcag"><div id="list"><p><iframe src="wcag.html" frameborder="0" height="100%" width="100%"></iframe></p></div></div><div role="tabpanel" class="tab-pane" id="external"><div class="list-group"></div></div></div></div></BODY><script src="http://www.xframium.org/output/assets/js/jquery.min.js"></script><script src="http://www.xframium.org/output/assets/js/chart.js"></script><script src="http://www.xframium.org/output/assets/js/tablesorter.min.js"></script><script src="http://www.xframium.org/output/assets/js/toolkit.js"></script><script src="http://www.xframium.org/output/assets/js/application.js"></script><script>$('.link-tab').click(function() {window.open($(this).attr('href'));});</script></HTML>