<html><head><link href="http://fonts.googleapis.com/css?family=Roboto:300,400,500,700,400italic" rel="stylesheet"><link href="http://www.xframium.org/output/assets/css/toolkit-inverse.css" rel="stylesheet"><link href="http://www.xframium.org/output/assets/css/application.css" rel="stylesheet"><style>iframe {background-color: #eaeae1;} .abscenter { margin: auto; position: absolute; top: 0; left: 0; bottom: 0; right: 0; } .pass {color: #1bc98e;}.fail {color: #e64759;} .pageName { color: #e4d836; } .elementName { color: #e4d836; }</style></head><body><div class="container"><div class="col-sm-12 content"><div class="dashhead"><span class="pull-right text-muted">06-09-2020 at 18:29:30 IST</span><h6 class="dashhead-subtitle">xFramium  1.0.5</h6><h3 class="dashhead-title">Chrome_FirstScript[DS001]</h3><h6> / OS X Chrome 54.0 on 127.0.0.1:4444 (SELENIUM)</h6></div><br /><div class="row statcards"><div class="col-sm-1 m-b"></div><div class="col-sm-2 m-b"><div class="statcard statcard-success"><div class="p-a"><span class="statcard-desc">Passed</span><h4 class="statcard-number">8</h4></div></div></div><div class="col-sm-2 m-b"><div class="statcard statcard-warning"><div class="p-a"><span class="statcard-desc">Ignored</span><h4 class="statcard-number">0</h4></div></div></div><div class="col-sm-2 m-b"><div class="statcard statcard-danger"><div class="p-a"><span class="statcard-desc">Failed</span><h4 class="statcard-number">2</h4></div></div></div><div class="col-sm-2 m-b"><div class="statcard statcard-info"><div class="p-a"><span class="statcard-desc">Total Steps</span><h4 class="statcard-number">10</h4></div></div></div><div class="col-sm-2 m-b"><div class="statcard statcard-info"><div class="p-a"><span class="statcard-desc">Duration</span><h4 class="statcard-number"> 0h  0m 18s</h4></div></div></div></div><br /><br/><ul class="nav nav-tabs" role="tablist"><li role="presentation" class="active"><a href="#detail" aria-controls="detail" role="tab" data-toggle="tab">Steps</a></li><li role="presentation"><a href="#console" aria-controls="console" role="tab" data-toggle="tab">Console Log</a></li><li role="presentation"><a href="#wcag" aria-controls="wcag" role="tab" data-toggle="tab">WCAG Report</a></li><li role="presentation"><a class=link-tab hRef="Chrome_FirstScript[DS001].csv" class="list-group-item">Execution Record</a></li><li role="presentation"><a href="#external" aria-controls="external" role="tab" data-toggle="tab">Links</a></li><span class="pull-right text-muted"><a hRef="../../index.html">Return to Test Execution Summary</a></span></ul><div class="tab-content"><div role="tabpanel" class="tab-pane active" id="detail"><div class="table-responsive table-bordered"><table class="table table-hover table-condensed"><thead><th width="80%">Steps Performed</th><th width="20%">Started</th><th align=center width="0%">Status</th></thead><tr><td>Click on the <span class="elementName">btn_Login</span> element on the page <span class="pageName">Login</span></td><td style="vertical-align; bottom;" nowrap>18:28:03 (839ms)</td><td style="vertical-align; bottom; padding-top: 10px; " align="center"><span class="label label-success"><b>Pass</b></span></td></tr><tr><td>Click on the <span class="elementName">btn_gmail</span> element on the page <span class="pageName">Login</span></td><td style="vertical-align; bottom;" nowrap>18:28:04 (391ms)</td><td style="vertical-align; bottom; padding-top: 10px; " align="center"><span class="label label-success"><b>Pass</b></span></td></tr><tr><td>Click on the <span class="elementName">btn_Next</span> element on the page <span class="pageName">Login</span></td><td style="vertical-align; bottom;" nowrap>18:28:10 (244ms)</td><td style="vertical-align; bottom; padding-top: 10px; " align="center"><span class="label label-success"><b>Pass</b></span></td></tr><tr><td>Click on the <span class="elementName">btn_Next</span> element on the page <span class="pageName">Login</span></td><td style="vertical-align; bottom;" nowrap>18:28:13 (244ms)</td><td style="vertical-align; bottom; padding-top: 10px; " align="center"><span class="label label-success"><b>Pass</b></span></td></tr><tr><td>Verify that the <span class="elementName">label_User</span> element is visible on the page <span class="pageName">Login</span></td><td style="vertical-align; bottom;" nowrap>18:28:33 (58ms)</td><td style="vertical-align; bottom; padding-top: 10px; " align="center"><span class="label label-success"><b>Pass</b></span></td></tr><tr><td>Click on the <span class="elementName">label_User</span> element on the page <span class="pageName">Address</span></td><td style="vertical-align; bottom;" nowrap>18:28:36 (131ms)</td><td style="vertical-align; bottom; padding-top: 10px; " align="center"><span class="label label-success"><b>Pass</b></span></td></tr><tr><td>Click on the <span class="elementName">Navi_DeliveryAddress</span> element on the page <span class="pageName">Address</span></td><td style="vertical-align; bottom;" nowrap>18:28:44 (1428ms)</td><td style="vertical-align; bottom; padding-top: 10px; " align="center"><span class="label label-success"><b>Pass</b></span></td></tr><tr><td>Click on the <span class="elementName">btn_AddNewAddress</span> element on the page <span class="pageName">Address</span></td><td style="vertical-align; bottom;" nowrap>18:28:44 (164ms)</td><td style="vertical-align; bottom; padding-top: 10px; " align="center"><span class="label label-success"><b>Pass</b></span></td></tr><tr><td>Set the value of the <span class="elementName">txt_firstName</span> element on the page <span class="pageName">Address</span> to <span class="pass"><b>Automation</b></span><span class="pull-right text-muted" <a role="button" data-toggle="collapse" href="#exception8" aria-expanded="false" style="padding-right: 10px">View Error Detail</a></span></td><td style="vertical-align; bottom;" nowrap>18:29:29 (14838ms)</td><td style="vertical-align; bottom; padding-top: 10px; " align="center"><span class="label label-danger">Fail</span></td></tr><tr class="collapse" id="exception8"><td><h6>org.openqa.selenium.StaleElementReferenceException: stale element reference: element is not attached to the page document<br/>  (Session info: chrome=83.0.4103.97)<br/>  (Driver info: chromedriver=83.0.4103.39 (ccbf011cb2d2b19b506d844400483861342c20cd-refs/branch-heads/4103@{#416}),platform=Mac OS X 10.15.5 x86_64) (WARNING: The server did not provide any stacktrace information)<br/>Command duration or timeout: 100 milliseconds<br/>For documentation on this error, please visit: http://seleniumhq.org/exceptions/stale_element_reference.html<br/>Build info: version: '2.50.0', revision: '1070ace', time: '2016-01-27 18:43:24'<br/>System info: host: 'Manjuus-Mac.local', ip: '127.0.0.1', os.name: 'Mac OS X', os.arch: 'x86_64', os.version: '10.15.5', java.version: '1.8.0_171'<br/>Driver info: org.openqa.selenium.chrome.ChromeDriver<br/>Capabilities [{mobileEmulationEnabled=false, timeouts={implicit=0, pageLoad=300000, script=30000}, hasTouchScreen=false, platform=MAC, acceptSslCerts=false, goog:chromeOptions={debuggerAddress=localhost:50099}, acceptInsecureCerts=false, webStorageEnabled=true, browserName=chrome, takesScreenshot=true, javascriptEnabled=true, setWindowRect=true, unexpectedAlertBehaviour=ignore, applicationCacheEnabled=false, rotatable=false, networkConnectionEnabled=false, chrome={chromedriverVersion=83.0.4103.39 (ccbf011cb2d2b19b506d844400483861342c20cd-refs/branch-heads/4103@{#416}), userDataDir=/var/folders/qz/47s677px17q2y7vp_bmr0l0w0000gn/T/.com.google.Chrome.J0S4hK}, takesHeapSnapshot=true, pageLoadStrategy=normal, strictFileInteractability=false, databaseEnabled=false, handlesAlerts=true, version=83.0.4103.97, browserConnectionEnabled=false, proxy={}, nativeEvents=true, locationContextEnabled=true, cssSelectorsEnabled=true, webauthn:virtualAuthenticators=true}]<br/>Session ID: 0d4066b5568979e29beb8c286b62d1c2<br/>Command duration or timeout: 1.28 seconds<br/>For documentation on this error, please visit: http://seleniumhq.org/exceptions/stale_element_reference.html<br/>Build info: version: '2.53.1', revision: 'a36b8b1cd5757287168e54b817830adce9b0158d', time: '2016-06-30 19:26:09'<br/>System info: host: 'Manjuus-Mac.local', ip: '127.0.0.1', os.name: 'Mac OS X', os.arch: 'x86_64', os.version: '10.15.5', java.version: '1.8.0_171'<br/>Driver info: org.openqa.selenium.remote.RemoteWebDriver<br/>Capabilities [{mobileEmulationEnabled=false, timeouts={implicit=0, pageLoad=300000, script=30000}, hasTouchScreen=false, platform=MAC, acceptSslCerts=false, goog:chromeOptions={debuggerAddress=localhost:50099}, acceptInsecureCerts=false, webStorageEnabled=true, browserName=chrome, takesScreenshot=true, javascriptEnabled=true, setWindowRect=true, unexpectedAlertBehaviour=ignore, applicationCacheEnabled=false, rotatable=false, networkConnectionEnabled=false, chrome={chromedriverVersion=83.0.4103.39 (ccbf011cb2d2b19b506d844400483861342c20cd-refs/branch-heads/4103@{#416}), userDataDir=/var/folders/qz/47s677px17q2y7vp_bmr0l0w0000gn/T/.com.google.Chrome.J0S4hK}, takesHeapSnapshot=true, pageLoadStrategy=normal, strictFileInteractability=false, databaseEnabled=false, handlesAlerts=true, version=83.0.4103.97, browserConnectionEnabled=false, proxy={}, nativeEvents=true, webdriver.remote.sessionid=142cce09-e9b1-462e-a3bd-0d06079306f4, locationContextEnabled=true, cssSelectorsEnabled=true, webauthn:virtualAuthenticators=true}]<br/>Session ID: 142cce09-e9b1-462e-a3bd-0d06079306f4<br/>&nbsp;&nbsp;&nbsp;&nbsp;at sun.reflect.NativeConstructorAccessorImpl.newInstance0(Native Method)<br/>&nbsp;&nbsp;&nbsp;&nbsp;at sun.reflect.NativeConstructorAccessorImpl.newInstance(NativeConstructorAccessorImpl.java:62)<br/>&nbsp;&nbsp;&nbsp;&nbsp;at sun.reflect.DelegatingConstructorAccessorImpl.newInstance(DelegatingConstructorAccessorImpl.java:45)<br/>&nbsp;&nbsp;&nbsp;&nbsp;at java.lang.reflect.Constructor.newInstance(Constructor.java:423)<br/>&nbsp;&nbsp;&nbsp;&nbsp;at org.openqa.selenium.remote.ErrorHandler.createThrowable(ErrorHandler.java:206)<br/>&nbsp;&nbsp;&nbsp;&nbsp;at org.openqa.selenium.remote.ErrorHandler.throwIfResponseFailed(ErrorHandler.java:158)<br/>&nbsp;&nbsp;&nbsp;&nbsp;at org.openqa.selenium.remote.RemoteWebDriver.execute(RemoteWebDriver.java:678)<br/>&nbsp;&nbsp;&nbsp;&nbsp;at org.openqa.selenium.remote.RemoteWebElement.execute(RemoteWebElement.java:327)<br/>&nbsp;&nbsp;&nbsp;&nbsp;at org.openqa.selenium.remote.RemoteWebElement.getTagName(RemoteWebElement.java:144)<br/>&nbsp;&nbsp;&nbsp;&nbsp;at org.xframium.device.factory.MorelandWebElement.getTagName(MorelandWebElement.java:98)<br/>&nbsp;&nbsp;&nbsp;&nbsp;at functions.GenericFunctions._setValue(GenericFunctions.java:222)<br/>&nbsp;&nbsp;&nbsp;&nbsp;at utility.CustomAbstractPage._setValue(CustomAbstractPage.java:102)<br/>&nbsp;&nbsp;&nbsp;&nbsp;at pages.spi.AddressImpl.addAddress(AddressImpl.java:56)<br/>&nbsp;&nbsp;&nbsp;&nbsp;at sun.reflect.NativeMethodAccessorImpl.invoke0(Native Method)<br/>&nbsp;&nbsp;&nbsp;&nbsp;at sun.reflect.NativeMethodAccessorImpl.invoke(NativeMethodAccessorImpl.java:62)<br/>&nbsp;&nbsp;&nbsp;&nbsp;at sun.reflect.DelegatingMethodAccessorImpl.invoke(DelegatingMethodAccessorImpl.java:43)<br/>&nbsp;&nbsp;&nbsp;&nbsp;at java.lang.reflect.Method.invoke(Method.java:498)<br/>&nbsp;&nbsp;&nbsp;&nbsp;at org.xframium.page.factory.DefaultPageFactory.invoke(DefaultPageFactory.java:157)<br/>&nbsp;&nbsp;&nbsp;&nbsp;at com.sun.proxy.$Proxy23.addAddress(Unknown Source)<br/>&nbsp;&nbsp;&nbsp;&nbsp;at pages.spi.PageImplInvoker.addAddress(PageImplInvoker.java:46)<br/>&nbsp;&nbsp;&nbsp;&nbsp;at uiAutomation.TestDriverClasses.FirstScript(TestDriverClasses.java:37)<br/>&nbsp;&nbsp;&nbsp;&nbsp;at sun.reflect.NativeMethodAccessorImpl.invoke0(Native Method)<br/>&nbsp;&nbsp;&nbsp;&nbsp;at sun.reflect.NativeMethodAccessorImpl.invoke(NativeMethodAccessorImpl.java:62)<br/>&nbsp;&nbsp;&nbsp;&nbsp;at sun.reflect.DelegatingMethodAccessorImpl.invoke(DelegatingMethodAccessorImpl.java:43)<br/>&nbsp;&nbsp;&nbsp;&nbsp;at java.lang.reflect.Method.invoke(Method.java:498)<br/>&nbsp;&nbsp;&nbsp;&nbsp;at org.testng.internal.MethodInvocationHelper.invokeMethod(MethodInvocationHelper.java:124)<br/>&nbsp;&nbsp;&nbsp;&nbsp;at org.testng.internal.Invoker.invokeMethod(Invoker.java:583)<br/>&nbsp;&nbsp;&nbsp;&nbsp;at org.testng.internal.Invoker.invokeTestMethod(Invoker.java:719)<br/>&nbsp;&nbsp;&nbsp;&nbsp;at org.testng.internal.TestMethodWithDataProviderMethodWorker.call(TestMethodWithDataProviderMethodWorker.java:71)<br/>&nbsp;&nbsp;&nbsp;&nbsp;at org.testng.internal.TestMethodWithDataProviderMethodWorker.call(TestMethodWithDataProviderMethodWorker.java:14)<br/>&nbsp;&nbsp;&nbsp;&nbsp;at java.util.concurrent.FutureTask.run(FutureTask.java:266)<br/>&nbsp;&nbsp;&nbsp;&nbsp;at java.util.concurrent.Executors$RunnableAdapter.call(Executors.java:511)<br/>&nbsp;&nbsp;&nbsp;&nbsp;at java.util.concurrent.FutureTask.run(FutureTask.java:266)<br/>&nbsp;&nbsp;&nbsp;&nbsp;at java.util.concurrent.ThreadPoolExecutor.runWorker(ThreadPoolExecutor.java:1149)<br/>&nbsp;&nbsp;&nbsp;&nbsp;at java.util.concurrent.ThreadPoolExecutor$Worker.run(ThreadPoolExecutor.java:624)<br/>&nbsp;&nbsp;&nbsp;&nbsp;at java.lang.Thread.run(Thread.java:748)<br/>Caused by: org.openqa.selenium.remote.ScreenshotException: Screen shot has been taken<br/>Build info: version: '2.53.1', revision: 'a36b8b1cd5757287168e54b817830adce9b0158d', time: '2016-06-30 19:26:09'<br/>System info: host: 'Manjuus-Mac.local', ip: '127.0.0.1', os.name: 'Mac OS X', os.arch: 'x86_64', os.version: '10.15.5', java.version: '1.8.0_171'<br/>Driver info: driver.version: RemoteWebDriver<br/>&nbsp;&nbsp;&nbsp;&nbsp;at org.openqa.selenium.remote.ErrorHandler.throwIfResponseFailed(ErrorHandler.java:138)<br/>&nbsp;&nbsp;&nbsp;&nbsp;... 30 more<br/>Caused by: org.openqa.selenium.StaleElementReferenceException: stale element reference: element is not attached to the page document<br/>  (Session info: chrome=83.0.4103.97)<br/>  (Driver info: chromedriver=83.0.4103.39 (ccbf011cb2d2b19b506d844400483861342c20cd-refs/branch-heads/4103@{#416}),platform=Mac OS X 10.15.5 x86_64) (WARNING: The server did not provide any stacktrace information)<br/>Command duration or timeout: 100 milliseconds<br/>For documentation on this error, please visit: http://seleniumhq.org/exceptions/stale_element_reference.html<br/>Build info: version: '2.50.0', revision: '1070ace', time: '2016-01-27 18:43:24'<br/>System info: host: 'Manjuus-Mac.local', ip: '127.0.0.1', os.name: 'Mac OS X', os.arch: 'x86_64', os.version: '10.15.5', java.version: '1.8.0_171'<br/>Driver info: org.openqa.selenium.chrome.ChromeDriver<br/>Capabilities [{mobileEmulationEnabled=false, timeouts={implicit=0, pageLoad=300000, script=30000}, hasTouchScreen=false, platform=MAC, acceptSslCerts=false, goog:chromeOptions={debuggerAddress=localhost:50099}, acceptInsecureCerts=false, webStorageEnabled=true, browserName=chrome, takesScreenshot=true, javascriptEnabled=true, setWindowRect=true, unexpectedAlertBehaviour=ignore, applicationCacheEnabled=false, rotatable=false, networkConnectionEnabled=false, chrome={chromedriverVersion=83.0.4103.39 (ccbf011cb2d2b19b506d844400483861342c20cd-refs/branch-heads/4103@{#416}), userDataDir=/var/folders/qz/47s677px17q2y7vp_bmr0l0w0000gn/T/.com.google.Chrome.J0S4hK}, takesHeapSnapshot=true, pageLoadStrategy=normal, strictFileInteractability=false, databaseEnabled=false, handlesAlerts=true, version=83.0.4103.97, browserConnectionEnabled=false, proxy={}, nativeEvents=true, locationContextEnabled=true, cssSelectorsEnabled=true, webauthn:virtualAuthenticators=true}]<br/>Session ID: 0d4066b5568979e29beb8c286b62d1c2<br/>For documentation on this error, please visit: http://seleniumhq.org/exceptions/stale_element_reference.html<br/>Build info: version: '2.53.1', revision: 'a36b8b1cd5757287168e54b817830adce9b0158d', time: '2016-06-30 19:26:09'<br/>System info: host: 'Manjuus-Mac.local', ip: '127.0.0.1', os.name: 'Mac OS X', os.arch: 'x86_64', os.version: '10.15.5', java.version: '1.8.0_171'<br/>Driver info: driver.version: RemoteWebDriver<br/>&nbsp;&nbsp;&nbsp;&nbsp;at sun.reflect.NativeConstructorAccessorImpl.newInstance0(Native Method)<br/>&nbsp;&nbsp;&nbsp;&nbsp;at sun.reflect.NativeConstructorAccessorImpl.newInstance(NativeConstructorAccessorImpl.java:62)<br/>&nbsp;&nbsp;&nbsp;&nbsp;at sun.reflect.DelegatingConstructorAccessorImpl.newInstance(DelegatingConstructorAccessorImpl.java:45)<br/>&nbsp;&nbsp;&nbsp;&nbsp;at java.lang.reflect.Constructor.newInstance(Constructor.java:423)<br/>&nbsp;&nbsp;&nbsp;&nbsp;at org.openqa.selenium.remote.ErrorHandler.createThrowable(ErrorHandler.java:206)<br/>&nbsp;&nbsp;&nbsp;&nbsp;at org.openqa.selenium.remote.ErrorHandler.throwIfResponseFailed(ErrorHandler.java:158)<br/>&nbsp;&nbsp;&nbsp;&nbsp;at org.openqa.selenium.remote.RemoteWebDriver.execute(RemoteWebDriver.java:678)<br/>&nbsp;&nbsp;&nbsp;&nbsp;at org.openqa.selenium.remote.RemoteWebElement.execute(RemoteWebElement.java:327)<br/>&nbsp;&nbsp;&nbsp;&nbsp;at org.openqa.selenium.remote.RemoteWebElement.getTagName(RemoteWebElement.java:144)<br/>&nbsp;&nbsp;&nbsp;&nbsp;at sun.reflect.NativeMethodAccessorImpl.invoke0(Native Method)<br/>&nbsp;&nbsp;&nbsp;&nbsp;at sun.reflect.NativeMethodAccessorImpl.invoke(NativeMethodAccessorImpl.java:62)<br/>&nbsp;&nbsp;&nbsp;&nbsp;at sun.reflect.DelegatingMethodAccessorImpl.invoke(DelegatingMethodAccessorImpl.java:43)<br/>&nbsp;&nbsp;&nbsp;&nbsp;at java.lang.reflect.Method.invoke(Method.java:498)<br/>&nbsp;&nbsp;&nbsp;&nbsp;at org.openqa.selenium.support.events.EventFiringWebDriver$EventFiringWebElement$1.invoke(EventFiringWebDriver.java:335)<br/>&nbsp;&nbsp;&nbsp;&nbsp;at com.sun.proxy.$Proxy2.getTagName(Unknown Source)<br/>&nbsp;&nbsp;&nbsp;&nbsp;at org.openqa.selenium.support.events.EventFiringWebDriver$EventFiringWebElement.getTagName(EventFiringWebDriver.java:369)<br/>&nbsp;&nbsp;&nbsp;&nbsp;at sun.reflect.NativeMethodAccessorImpl.invoke0(Native Method)<br/>&nbsp;&nbsp;&nbsp;&nbsp;at sun.reflect.NativeMethodAccessorImpl.invoke(NativeMethodAccessorImpl.java:62)<br/>&nbsp;&nbsp;&nbsp;&nbsp;at sun.reflect.DelegatingMethodAccessorImpl.invoke(DelegatingMethodAccessorImpl.java:43)<br/>&nbsp;&nbsp;&nbsp;&nbsp;at java.lang.reflect.Method.invoke(Method.java:498)<br/>&nbsp;&nbsp;&nbsp;&nbsp;at org.openqa.selenium.remote.server.KnownElements$1.invoke(KnownElements.java:64)<br/>&nbsp;&nbsp;&nbsp;&nbsp;at com.sun.proxy.$Proxy3.getTagName(Unknown Source)<br/>&nbsp;&nbsp;&nbsp;&nbsp;at org.openqa.selenium.remote.server.handler.GetTagName.call(GetTagName.java:30)<br/>&nbsp;&nbsp;&nbsp;&nbsp;at org.openqa.selenium.remote.server.handler.GetTagName.call(GetTagName.java:1)<br/>&nbsp;&nbsp;&nbsp;&nbsp;at java.util.concurrent.FutureTask.run(FutureTask.java:266)<br/>&nbsp;&nbsp;&nbsp;&nbsp;at org.openqa.selenium.remote.server.DefaultSession$1.run(DefaultSession.java:176)<br/>&nbsp;&nbsp;&nbsp;&nbsp;... 3 more<br/></h6></td><td colSpan="2" align="center"><a hRef="failure-screenshot.png" class="thumbnail"><img class="img-rounded img-responsive" src="failure-screenshot.png" style="height: 200px;"/></a><a target="_blank" class="btn btn-danger" hRef='failureDOM.html'>View Device State</a></td></tr><tr><td>errMessage<span class="pull-right text-muted" <a role="button" data-toggle="collapse" href="#exception9" aria-expanded="false" style="padding-right: 10px">View Error Detail</a></span></td><td style="vertical-align; bottom;" nowrap>18:29:29 (0ms)</td><td style="vertical-align; bottom; padding-top: 10px; " align="center"><span class="label label-danger">Fail</span></td></tr><tr class="collapse" id="exception9"><td><h6>java.lang.reflect.InvocationTargetException<br/>&nbsp;&nbsp;&nbsp;&nbsp;at sun.reflect.NativeMethodAccessorImpl.invoke0(Native Method)<br/>&nbsp;&nbsp;&nbsp;&nbsp;at sun.reflect.NativeMethodAccessorImpl.invoke(NativeMethodAccessorImpl.java:62)<br/>&nbsp;&nbsp;&nbsp;&nbsp;at sun.reflect.DelegatingMethodAccessorImpl.invoke(DelegatingMethodAccessorImpl.java:43)<br/>&nbsp;&nbsp;&nbsp;&nbsp;at java.lang.reflect.Method.invoke(Method.java:498)<br/>&nbsp;&nbsp;&nbsp;&nbsp;at org.xframium.page.factory.DefaultPageFactory.invoke(DefaultPageFactory.java:157)<br/>&nbsp;&nbsp;&nbsp;&nbsp;at com.sun.proxy.$Proxy23.addAddress(Unknown Source)<br/>&nbsp;&nbsp;&nbsp;&nbsp;at pages.spi.PageImplInvoker.addAddress(PageImplInvoker.java:46)<br/>&nbsp;&nbsp;&nbsp;&nbsp;at uiAutomation.TestDriverClasses.FirstScript(TestDriverClasses.java:37)<br/>&nbsp;&nbsp;&nbsp;&nbsp;at sun.reflect.NativeMethodAccessorImpl.invoke0(Native Method)<br/>&nbsp;&nbsp;&nbsp;&nbsp;at sun.reflect.NativeMethodAccessorImpl.invoke(NativeMethodAccessorImpl.java:62)<br/>&nbsp;&nbsp;&nbsp;&nbsp;at sun.reflect.DelegatingMethodAccessorImpl.invoke(DelegatingMethodAccessorImpl.java:43)<br/>&nbsp;&nbsp;&nbsp;&nbsp;at java.lang.reflect.Method.invoke(Method.java:498)<br/>&nbsp;&nbsp;&nbsp;&nbsp;at org.testng.internal.MethodInvocationHelper.invokeMethod(MethodInvocationHelper.java:124)<br/>&nbsp;&nbsp;&nbsp;&nbsp;at org.testng.internal.Invoker.invokeMethod(Invoker.java:583)<br/>&nbsp;&nbsp;&nbsp;&nbsp;at org.testng.internal.Invoker.invokeTestMethod(Invoker.java:719)<br/>&nbsp;&nbsp;&nbsp;&nbsp;at org.testng.internal.TestMethodWithDataProviderMethodWorker.call(TestMethodWithDataProviderMethodWorker.java:71)<br/>&nbsp;&nbsp;&nbsp;&nbsp;at org.testng.internal.TestMethodWithDataProviderMethodWorker.call(TestMethodWithDataProviderMethodWorker.java:14)<br/>&nbsp;&nbsp;&nbsp;&nbsp;at java.util.concurrent.FutureTask.run(FutureTask.java:266)<br/>&nbsp;&nbsp;&nbsp;&nbsp;at java.util.concurrent.Executors$RunnableAdapter.call(Executors.java:511)<br/>&nbsp;&nbsp;&nbsp;&nbsp;at java.util.concurrent.FutureTask.run(FutureTask.java:266)<br/>&nbsp;&nbsp;&nbsp;&nbsp;at java.util.concurrent.ThreadPoolExecutor.runWorker(ThreadPoolExecutor.java:1149)<br/>&nbsp;&nbsp;&nbsp;&nbsp;at java.util.concurrent.ThreadPoolExecutor$Worker.run(ThreadPoolExecutor.java:624)<br/>&nbsp;&nbsp;&nbsp;&nbsp;at java.lang.Thread.run(Thread.java:748)<br/>Caused by: org.openqa.selenium.StaleElementReferenceException: stale element reference: element is not attached to the page document<br/>  (Session info: chrome=83.0.4103.97)<br/>  (Driver info: chromedriver=83.0.4103.39 (ccbf011cb2d2b19b506d844400483861342c20cd-refs/branch-heads/4103@{#416}),platform=Mac OS X 10.15.5 x86_64) (WARNING: The server did not provide any stacktrace information)<br/>Command duration or timeout: 100 milliseconds<br/>For documentation on this error, please visit: http://seleniumhq.org/exceptions/stale_element_reference.html<br/>Build info: version: '2.50.0', revision: '1070ace', time: '2016-01-27 18:43:24'<br/>System info: host: 'Manjuus-Mac.local', ip: '127.0.0.1', os.name: 'Mac OS X', os.arch: 'x86_64', os.version: '10.15.5', java.version: '1.8.0_171'<br/>Driver info: org.openqa.selenium.chrome.ChromeDriver<br/>Capabilities [{mobileEmulationEnabled=false, timeouts={implicit=0, pageLoad=300000, script=30000}, hasTouchScreen=false, platform=MAC, acceptSslCerts=false, goog:chromeOptions={debuggerAddress=localhost:50099}, acceptInsecureCerts=false, webStorageEnabled=true, browserName=chrome, takesScreenshot=true, javascriptEnabled=true, setWindowRect=true, unexpectedAlertBehaviour=ignore, applicationCacheEnabled=false, rotatable=false, networkConnectionEnabled=false, chrome={chromedriverVersion=83.0.4103.39 (ccbf011cb2d2b19b506d844400483861342c20cd-refs/branch-heads/4103@{#416}), userDataDir=/var/folders/qz/47s677px17q2y7vp_bmr0l0w0000gn/T/.com.google.Chrome.J0S4hK}, takesHeapSnapshot=true, pageLoadStrategy=normal, strictFileInteractability=false, databaseEnabled=false, handlesAlerts=true, version=83.0.4103.97, browserConnectionEnabled=false, proxy={}, nativeEvents=true, locationContextEnabled=true, cssSelectorsEnabled=true, webauthn:virtualAuthenticators=true}]<br/>Session ID: 0d4066b5568979e29beb8c286b62d1c2<br/>Command duration or timeout: 1.28 seconds<br/>For documentation on this error, please visit: http://seleniumhq.org/exceptions/stale_element_reference.html<br/>Build info: version: '2.53.1', revision: 'a36b8b1cd5757287168e54b817830adce9b0158d', time: '2016-06-30 19:26:09'<br/>System info: host: 'Manjuus-Mac.local', ip: '127.0.0.1', os.name: 'Mac OS X', os.arch: 'x86_64', os.version: '10.15.5', java.version: '1.8.0_171'<br/>Driver info: org.openqa.selenium.remote.RemoteWebDriver<br/>Capabilities [{mobileEmulationEnabled=false, timeouts={implicit=0, pageLoad=300000, script=30000}, hasTouchScreen=false, platform=MAC, acceptSslCerts=false, goog:chromeOptions={debuggerAddress=localhost:50099}, acceptInsecureCerts=false, webStorageEnabled=true, browserName=chrome, takesScreenshot=true, javascriptEnabled=true, setWindowRect=true, unexpectedAlertBehaviour=ignore, applicationCacheEnabled=false, rotatable=false, networkConnectionEnabled=false, chrome={chromedriverVersion=83.0.4103.39 (ccbf011cb2d2b19b506d844400483861342c20cd-refs/branch-heads/4103@{#416}), userDataDir=/var/folders/qz/47s677px17q2y7vp_bmr0l0w0000gn/T/.com.google.Chrome.J0S4hK}, takesHeapSnapshot=true, pageLoadStrategy=normal, strictFileInteractability=false, databaseEnabled=false, handlesAlerts=true, version=83.0.4103.97, browserConnectionEnabled=false, proxy={}, nativeEvents=true, webdriver.remote.sessionid=142cce09-e9b1-462e-a3bd-0d06079306f4, locationContextEnabled=true, cssSelectorsEnabled=true, webauthn:virtualAuthenticators=true}]<br/>Session ID: 142cce09-e9b1-462e-a3bd-0d06079306f4<br/>&nbsp;&nbsp;&nbsp;&nbsp;at sun.reflect.NativeConstructorAccessorImpl.newInstance0(Native Method)<br/>&nbsp;&nbsp;&nbsp;&nbsp;at sun.reflect.NativeConstructorAccessorImpl.newInstance(NativeConstructorAccessorImpl.java:62)<br/>&nbsp;&nbsp;&nbsp;&nbsp;at sun.reflect.DelegatingConstructorAccessorImpl.newInstance(DelegatingConstructorAccessorImpl.java:45)<br/>&nbsp;&nbsp;&nbsp;&nbsp;at java.lang.reflect.Constructor.newInstance(Constructor.java:423)<br/>&nbsp;&nbsp;&nbsp;&nbsp;at org.openqa.selenium.remote.ErrorHandler.createThrowable(ErrorHandler.java:206)<br/>&nbsp;&nbsp;&nbsp;&nbsp;at org.openqa.selenium.remote.ErrorHandler.throwIfResponseFailed(ErrorHandler.java:158)<br/>&nbsp;&nbsp;&nbsp;&nbsp;at org.openqa.selenium.remote.RemoteWebDriver.execute(RemoteWebDriver.java:678)<br/>&nbsp;&nbsp;&nbsp;&nbsp;at org.openqa.selenium.remote.RemoteWebElement.execute(RemoteWebElement.java:327)<br/>&nbsp;&nbsp;&nbsp;&nbsp;at org.openqa.selenium.remote.RemoteWebElement.getTagName(RemoteWebElement.java:144)<br/>&nbsp;&nbsp;&nbsp;&nbsp;at org.xframium.device.factory.MorelandWebElement.getTagName(MorelandWebElement.java:98)<br/>&nbsp;&nbsp;&nbsp;&nbsp;at functions.GenericFunctions._setValue(GenericFunctions.java:222)<br/>&nbsp;&nbsp;&nbsp;&nbsp;at utility.CustomAbstractPage._setValue(CustomAbstractPage.java:102)<br/>&nbsp;&nbsp;&nbsp;&nbsp;at pages.spi.AddressImpl.addAddress(AddressImpl.java:56)<br/>&nbsp;&nbsp;&nbsp;&nbsp;... 23 more<br/>Caused by: org.openqa.selenium.remote.ScreenshotException: Screen shot has been taken<br/>Build info: version: '2.53.1', revision: 'a36b8b1cd5757287168e54b817830adce9b0158d', time: '2016-06-30 19:26:09'<br/>System info: host: 'Manjuus-Mac.local', ip: '127.0.0.1', os.name: 'Mac OS X', os.arch: 'x86_64', os.version: '10.15.5', java.version: '1.8.0_171'<br/>Driver info: driver.version: RemoteWebDriver<br/>&nbsp;&nbsp;&nbsp;&nbsp;at org.openqa.selenium.remote.ErrorHandler.throwIfResponseFailed(ErrorHandler.java:138)<br/>&nbsp;&nbsp;&nbsp;&nbsp;... 30 more<br/>Caused by: org.openqa.selenium.StaleElementReferenceException: stale element reference: element is not attached to the page document<br/>  (Session info: chrome=83.0.4103.97)<br/>  (Driver info: chromedriver=83.0.4103.39 (ccbf011cb2d2b19b506d844400483861342c20cd-refs/branch-heads/4103@{#416}),platform=Mac OS X 10.15.5 x86_64) (WARNING: The server did not provide any stacktrace information)<br/>Command duration or timeout: 100 milliseconds<br/>For documentation on this error, please visit: http://seleniumhq.org/exceptions/stale_element_reference.html<br/>Build info: version: '2.50.0', revision: '1070ace', time: '2016-01-27 18:43:24'<br/>System info: host: 'Manjuus-Mac.local', ip: '127.0.0.1', os.name: 'Mac OS X', os.arch: 'x86_64', os.version: '10.15.5', java.version: '1.8.0_171'<br/>Driver info: org.openqa.selenium.chrome.ChromeDriver<br/>Capabilities [{mobileEmulationEnabled=false, timeouts={implicit=0, pageLoad=300000, script=30000}, hasTouchScreen=false, platform=MAC, acceptSslCerts=false, goog:chromeOptions={debuggerAddress=localhost:50099}, acceptInsecureCerts=false, webStorageEnabled=true, browserName=chrome, takesScreenshot=true, javascriptEnabled=true, setWindowRect=true, unexpectedAlertBehaviour=ignore, applicationCacheEnabled=false, rotatable=false, networkConnectionEnabled=false, chrome={chromedriverVersion=83.0.4103.39 (ccbf011cb2d2b19b506d844400483861342c20cd-refs/branch-heads/4103@{#416}), userDataDir=/var/folders/qz/47s677px17q2y7vp_bmr0l0w0000gn/T/.com.google.Chrome.J0S4hK}, takesHeapSnapshot=true, pageLoadStrategy=normal, strictFileInteractability=false, databaseEnabled=false, handlesAlerts=true, version=83.0.4103.97, browserConnectionEnabled=false, proxy={}, nativeEvents=true, locationContextEnabled=true, cssSelectorsEnabled=true, webauthn:virtualAuthenticators=true}]<br/>Session ID: 0d4066b5568979e29beb8c286b62d1c2<br/>For documentation on this error, please visit: http://seleniumhq.org/exceptions/stale_element_reference.html<br/>Build info: version: '2.53.1', revision: 'a36b8b1cd5757287168e54b817830adce9b0158d', time: '2016-06-30 19:26:09'<br/>System info: host: 'Manjuus-Mac.local', ip: '127.0.0.1', os.name: 'Mac OS X', os.arch: 'x86_64', os.version: '10.15.5', java.version: '1.8.0_171'<br/>Driver info: driver.version: RemoteWebDriver<br/>&nbsp;&nbsp;&nbsp;&nbsp;at sun.reflect.NativeConstructorAccessorImpl.newInstance0(Native Method)<br/>&nbsp;&nbsp;&nbsp;&nbsp;at sun.reflect.NativeConstructorAccessorImpl.newInstance(NativeConstructorAccessorImpl.java:62)<br/>&nbsp;&nbsp;&nbsp;&nbsp;at sun.reflect.DelegatingConstructorAccessorImpl.newInstance(DelegatingConstructorAccessorImpl.java:45)<br/>&nbsp;&nbsp;&nbsp;&nbsp;at java.lang.reflect.Constructor.newInstance(Constructor.java:423)<br/>&nbsp;&nbsp;&nbsp;&nbsp;at org.openqa.selenium.remote.ErrorHandler.createThrowable(ErrorHandler.java:206)<br/>&nbsp;&nbsp;&nbsp;&nbsp;at org.openqa.selenium.remote.ErrorHandler.throwIfResponseFailed(ErrorHandler.java:158)<br/>&nbsp;&nbsp;&nbsp;&nbsp;at org.openqa.selenium.remote.RemoteWebDriver.execute(RemoteWebDriver.java:678)<br/>&nbsp;&nbsp;&nbsp;&nbsp;at org.openqa.selenium.remote.RemoteWebElement.execute(RemoteWebElement.java:327)<br/>&nbsp;&nbsp;&nbsp;&nbsp;at org.openqa.selenium.remote.RemoteWebElement.getTagName(RemoteWebElement.java:144)<br/>&nbsp;&nbsp;&nbsp;&nbsp;at sun.reflect.NativeMethodAccessorImpl.invoke0(Native Method)<br/>&nbsp;&nbsp;&nbsp;&nbsp;at sun.reflect.NativeMethodAccessorImpl.invoke(NativeMethodAccessorImpl.java:62)<br/>&nbsp;&nbsp;&nbsp;&nbsp;at sun.reflect.DelegatingMethodAccessorImpl.invoke(DelegatingMethodAccessorImpl.java:43)<br/>&nbsp;&nbsp;&nbsp;&nbsp;at java.lang.reflect.Method.invoke(Method.java:498)<br/>&nbsp;&nbsp;&nbsp;&nbsp;at org.openqa.selenium.support.events.EventFiringWebDriver$EventFiringWebElement$1.invoke(EventFiringWebDriver.java:335)<br/>&nbsp;&nbsp;&nbsp;&nbsp;at com.sun.proxy.$Proxy2.getTagName(Unknown Source)<br/>&nbsp;&nbsp;&nbsp;&nbsp;at org.openqa.selenium.support.events.EventFiringWebDriver$EventFiringWebElement.getTagName(EventFiringWebDriver.java:369)<br/>&nbsp;&nbsp;&nbsp;&nbsp;at sun.reflect.NativeMethodAccessorImpl.invoke0(Native Method)<br/>&nbsp;&nbsp;&nbsp;&nbsp;at sun.reflect.NativeMethodAccessorImpl.invoke(NativeMethodAccessorImpl.java:62)<br/>&nbsp;&nbsp;&nbsp;&nbsp;at sun.reflect.DelegatingMethodAccessorImpl.invoke(DelegatingMethodAccessorImpl.java:43)<br/>&nbsp;&nbsp;&nbsp;&nbsp;at java.lang.reflect.Method.invoke(Method.java:498)<br/>&nbsp;&nbsp;&nbsp;&nbsp;at org.openqa.selenium.remote.server.KnownElements$1.invoke(KnownElements.java:64)<br/>&nbsp;&nbsp;&nbsp;&nbsp;at com.sun.proxy.$Proxy3.getTagName(Unknown Source)<br/>&nbsp;&nbsp;&nbsp;&nbsp;at org.openqa.selenium.remote.server.handler.GetTagName.call(GetTagName.java:30)<br/>&nbsp;&nbsp;&nbsp;&nbsp;at org.openqa.selenium.remote.server.handler.GetTagName.call(GetTagName.java:1)<br/>&nbsp;&nbsp;&nbsp;&nbsp;at java.util.concurrent.FutureTask.run(FutureTask.java:266)<br/>&nbsp;&nbsp;&nbsp;&nbsp;at org.openqa.selenium.remote.server.DefaultSession$1.run(DefaultSession.java:176)<br/>&nbsp;&nbsp;&nbsp;&nbsp;... 3 more<br/></h6></td><td colSpan="2" align="center"><a hRef="failure-screenshot.png" class="thumbnail"><img class="img-rounded img-responsive" src="failure-screenshot.png" style="height: 200px;"/></a><a target="_blank" class="btn btn-danger" hRef='failureDOM.html'>View Device State</a></td></tr></TABLE></div></div><div role="tabpanel" class="tab-pane" id="console"><div id="list"><p><iframe src="console.txt" frameborder="0" height="100%" width="100%"></iframe></p></div></div><div role="tabpanel" class="tab-pane" id="wcag"><div id="list"><p><iframe src="wcag.html" frameborder="0" height="100%" width="100%"></iframe></p></div></div><div role="tabpanel" class="tab-pane" id="external"><div class="list-group"></div></div></div></div></BODY><script src="http://www.xframium.org/output/assets/js/jquery.min.js"></script><script src="http://www.xframium.org/output/assets/js/chart.js"></script><script src="http://www.xframium.org/output/assets/js/tablesorter.min.js"></script><script src="http://www.xframium.org/output/assets/js/toolkit.js"></script><script src="http://www.xframium.org/output/assets/js/application.js"></script><script>$('.link-tab').click(function() {window.open($(this).attr('href'));});</script></HTML>