Dec 10, 2020 8:14:01 PM org.xframium.device.artifact.Artifact writeToDisk
INFO: Attempting to write [9630] bytes to [/Users/manjunathda/git/Calm/xframium-excel/resources/test-output/12-10_20-13-39-188/Chrome_FirstScript[DS001]/Chrome/console.txt]
Dec 10, 2020 8:14:01 PM org.xframium.device.artifact.Artifact writeToDisk
INFO: Attempting to write [9630] bytes to [/Users/manjunathda/git/Calm/xframium-excel/resources/test-output/12-10_20-13-39-188/Chrome_FirstScript[DS001]/Chrome/console.txt]
Dec 10, 2020 8:14:01 PM org.xframium.device.artifact.Artifact writeToDisk
INFO: Attempting to write [515] bytes to [/Users/manjunathda/git/Calm/xframium-excel/resources/test-output/12-10_20-13-39-188/Chrome_FirstScript[DS001]/Chrome/wcag.html]
Dec 10, 2020 8:14:01 PM org.xframium.device.artifact.Artifact writeToDisk
INFO: Attempting to write [515] bytes to [/Users/manjunathda/git/Calm/xframium-excel/resources/test-output/12-10_20-13-39-188/Chrome_FirstScript[DS001]/Chrome/wcag.html]
Dec 10, 2020 8:14:01 PM org.xframium.device.artifact.Artifact writeToDisk
INFO: Attempting to write [227] bytes to [/Users/manjunathda/git/Calm/xframium-excel/resources/test-output/12-10_20-13-39-188/Chrome_FirstScript[DS001]/Chrome/Chrome_FirstScript[DS001].csv]
Dec 10, 2020 8:14:01 PM org.xframium.device.artifact.Artifact writeToDisk
INFO: Attempting to write [227] bytes to [/Users/manjunathda/git/Calm/xframium-excel/resources/test-output/12-10_20-13-39-188/Chrome_FirstScript[DS001]/Chrome/Chrome_FirstScript[DS001].csv]
Dec 10, 2020 8:14:01 PM org.xframium.device.artifact.Artifact writeToDisk
INFO: Attempting to write [8233] bytes to [/Users/manjunathda/git/Calm/xframium-excel/resources/test-output/12-10_20-13-39-188/Chrome_FirstScript[DS001]/Chrome/Chrome_FirstScript[DS001].html]
Dec 10, 2020 8:14:01 PM org.xframium.device.artifact.Artifact writeToDisk
INFO: Attempting to write [8233] bytes to [/Users/manjunathda/git/Calm/xframium-excel/resources/test-output/12-10_20-13-39-188/Chrome_FirstScript[DS001]/Chrome/Chrome_FirstScript[DS001].html]
Dec 10, 2020 8:14:01 PM org.xframium.device.ng.AbstractSeleniumTest cleanUpConnectedDevice
SEVERE: Error taking screenshot
org.openqa.selenium.NoSuchWindowException: no such window: target window already closed
from unknown error: web view not found
  (Session info: chrome=87.0.4280.88)
  (Driver info: chromedriver=2.38.552518 (183d19265345f54ce39cbb94cf81ba5f15905011),platform=Mac OS X 10.16.0 x86_64) (WARNING: The server did not provide any stacktrace information)
Command duration or timeout: 8 milliseconds
Build info: version: '2.53.1', revision: 'a36b8b1cd5757287168e54b817830adce9b0158d', time: '2016-06-30 19:26:09'
System info: host: 'Manjuus-Mac.local', ip: '127.0.0.1', os.name: 'Mac OS X', os.arch: 'x86_64', os.version: '10.16', java.version: '11.0.9'
Driver info: org.openqa.selenium.remote.RemoteWebDriver
Capabilities [{mobileEmulationEnabled=false, hasTouchScreen=false, platform=MAC, acceptSslCerts=false, acceptInsecureCerts=false, webStorageEnabled=true, browserName=chrome, takesScreenshot=true, javascriptEnabled=true, setWindowRect=true, unexpectedAlertBehaviour=, applicationCacheEnabled=false, rotatable=false, networkConnectionEnabled=false, chrome={chromedriverVersion=2.38.552518 (183d19265345f54ce39cbb94cf81ba5f15905011), userDataDir=/var/folders/qz/47s677px17q2y7vp_bmr0l0w0000gn/T/.org.chromium.Chromium.skvh2R}, takesHeapSnapshot=true, pageLoadStrategy=normal, databaseEnabled=false, handlesAlerts=true, version=87.0.4280.88, browserConnectionEnabled=false, nativeEvents=true, webdriver.remote.sessionid=d5cc3f7acb98ba53a417c865ce81c444, locationContextEnabled=true, cssSelectorsEnabled=true}]
Session ID: d5cc3f7acb98ba53a417c865ce81c444
	at java.base/jdk.internal.reflect.NativeConstructorAccessorImpl.newInstance0(Native Method)
	at java.base/jdk.internal.reflect.NativeConstructorAccessorImpl.newInstance(NativeConstructorAccessorImpl.java:62)
	at java.base/jdk.internal.reflect.DelegatingConstructorAccessorImpl.newInstance(DelegatingConstructorAccessorImpl.java:45)
	at java.base/java.lang.reflect.Constructor.newInstance(Constructor.java:490)
	at org.openqa.selenium.remote.ErrorHandler.createThrowable(ErrorHandler.java:206)
	at org.openqa.selenium.remote.ErrorHandler.throwIfResponseFailed(ErrorHandler.java:158)
	at org.openqa.selenium.remote.RemoteWebDriver.execute(RemoteWebDriver.java:678)
	at org.openqa.selenium.remote.RemoteWebDriver.execute(RemoteWebDriver.java:701)
	at org.openqa.selenium.remote.RemoteWebDriver.getScreenshotAs(RemoteWebDriver.java:335)
	at org.xframium.device.factory.DeviceWebDriver.getScreenshotAs(DeviceWebDriver.java:811)
	at org.xframium.device.ng.AbstractSeleniumTest.cleanUpConnectedDevice(AbstractSeleniumTest.java:668)
	at org.xframium.device.ng.AbstractSeleniumTest.afterMethod(AbstractSeleniumTest.java:564)
	at java.base/jdk.internal.reflect.NativeMethodAccessorImpl.invoke0(Native Method)
	at java.base/jdk.internal.reflect.NativeMethodAccessorImpl.invoke(NativeMethodAccessorImpl.java:62)
	at java.base/jdk.internal.reflect.DelegatingMethodAccessorImpl.invoke(DelegatingMethodAccessorImpl.java:43)
	at java.base/java.lang.reflect.Method.invoke(Method.java:566)
	at org.testng.internal.MethodInvocationHelper.invokeMethod(MethodInvocationHelper.java:124)
	at org.testng.internal.MethodInvocationHelper.invokeMethodConsideringTimeout(MethodInvocationHelper.java:59)
	at org.testng.internal.Invoker.invokeConfigurationMethod(Invoker.java:458)
	at org.testng.internal.Invoker.invokeConfigurations(Invoker.java:222)
	at org.testng.internal.Invoker.invokeMethod(Invoker.java:646)
	at org.testng.internal.Invoker.invokeTestMethod(Invoker.java:719)
	at org.testng.internal.TestMethodWithDataProviderMethodWorker.call(TestMethodWithDataProviderMethodWorker.java:71)
	at org.testng.internal.TestMethodWithDataProviderMethodWorker.call(TestMethodWithDataProviderMethodWorker.java:14)
	at java.base/java.util.concurrent.FutureTask.run(FutureTask.java:264)
	at java.base/java.util.concurrent.Executors$RunnableAdapter.call(Executors.java:515)
	at java.base/java.util.concurrent.FutureTask.run(FutureTask.java:264)
	at java.base/java.util.concurrent.ThreadPoolExecutor.runWorker(ThreadPoolExecutor.java:1128)
	at java.base/java.util.concurrent.ThreadPoolExecutor$Worker.run(ThreadPoolExecutor.java:628)
	at java.base/java.lang.Thread.run(Thread.java:834)

Dec 10, 2020 8:14:01 PM org.xframium.device.ng.AbstractSeleniumTest cleanUpConnectedDevice
SEVERE: Error taking screenshot
org.openqa.selenium.NoSuchWindowException: no such window: target window already closed
from unknown error: web view not found
  (Session info: chrome=87.0.4280.88)
  (Driver info: chromedriver=2.38.552518 (183d19265345f54ce39cbb94cf81ba5f15905011),platform=Mac OS X 10.16.0 x86_64) (WARNING: The server did not provide any stacktrace information)
Command duration or timeout: 8 milliseconds
Build info: version: '2.53.1', revision: 'a36b8b1cd5757287168e54b817830adce9b0158d', time: '2016-06-30 19:26:09'
System info: host: 'Manjuus-Mac.local', ip: '127.0.0.1', os.name: 'Mac OS X', os.arch: 'x86_64', os.version: '10.16', java.version: '11.0.9'
Driver info: org.openqa.selenium.remote.RemoteWebDriver
Capabilities [{mobileEmulationEnabled=false, hasTouchScreen=false, platform=MAC, acceptSslCerts=false, acceptInsecureCerts=false, webStorageEnabled=true, browserName=chrome, takesScreenshot=true, javascriptEnabled=true, setWindowRect=true, unexpectedAlertBehaviour=, applicationCacheEnabled=false, rotatable=false, networkConnectionEnabled=false, chrome={chromedriverVersion=2.38.552518 (183d19265345f54ce39cbb94cf81ba5f15905011), userDataDir=/var/folders/qz/47s677px17q2y7vp_bmr0l0w0000gn/T/.org.chromium.Chromium.skvh2R}, takesHeapSnapshot=true, pageLoadStrategy=normal, databaseEnabled=false, handlesAlerts=true, version=87.0.4280.88, browserConnectionEnabled=false, nativeEvents=true, webdriver.remote.sessionid=d5cc3f7acb98ba53a417c865ce81c444, locationContextEnabled=true, cssSelectorsEnabled=true}]
Session ID: d5cc3f7acb98ba53a417c865ce81c444
	at java.base/jdk.internal.reflect.NativeConstructorAccessorImpl.newInstance0(Native Method)
	at java.base/jdk.internal.reflect.NativeConstructorAccessorImpl.newInstance(NativeConstructorAccessorImpl.java:62)
	at java.base/jdk.internal.reflect.DelegatingConstructorAccessorImpl.newInstance(DelegatingConstructorAccessorImpl.java:45)
	at java.base/java.lang.reflect.Constructor.newInstance(Constructor.java:490)
	at org.openqa.selenium.remote.ErrorHandler.createThrowable(ErrorHandler.java:206)
	at org.openqa.selenium.remote.ErrorHandler.throwIfResponseFailed(ErrorHandler.java:158)
	at org.openqa.selenium.remote.RemoteWebDriver.execute(RemoteWebDriver.java:678)
	at org.openqa.selenium.remote.RemoteWebDriver.execute(RemoteWebDriver.java:701)
	at org.openqa.selenium.remote.RemoteWebDriver.getScreenshotAs(RemoteWebDriver.java:335)
	at org.xframium.device.factory.DeviceWebDriver.getScreenshotAs(DeviceWebDriver.java:811)
	at org.xframium.device.ng.AbstractSeleniumTest.cleanUpConnectedDevice(AbstractSeleniumTest.java:668)
	at org.xframium.device.ng.AbstractSeleniumTest.afterMethod(AbstractSeleniumTest.java:564)
	at java.base/jdk.internal.reflect.NativeMethodAccessorImpl.invoke0(Native Method)
	at java.base/jdk.internal.reflect.NativeMethodAccessorImpl.invoke(NativeMethodAccessorImpl.java:62)
	at java.base/jdk.internal.reflect.DelegatingMethodAccessorImpl.invoke(DelegatingMethodAccessorImpl.java:43)
	at java.base/java.lang.reflect.Method.invoke(Method.java:566)
	at org.testng.internal.MethodInvocationHelper.invokeMethod(MethodInvocationHelper.java:124)
	at org.testng.internal.MethodInvocationHelper.invokeMethodConsideringTimeout(MethodInvocationHelper.java:59)
	at org.testng.internal.Invoker.invokeConfigurationMethod(Invoker.java:458)
	at org.testng.internal.Invoker.invokeConfigurations(Invoker.java:222)
	at org.testng.internal.Invoker.invokeMethod(Invoker.java:646)
	at org.testng.internal.Invoker.invokeTestMethod(Invoker.java:719)
	at org.testng.internal.TestMethodWithDataProviderMethodWorker.call(TestMethodWithDataProviderMethodWorker.java:71)
	at org.testng.internal.TestMethodWithDataProviderMethodWorker.call(TestMethodWithDataProviderMethodWorker.java:14)
	at java.base/java.util.concurrent.FutureTask.run(FutureTask.java:264)
	at java.base/java.util.concurrent.Executors$RunnableAdapter.call(Executors.java:515)
	at java.base/java.util.concurrent.FutureTask.run(FutureTask.java:264)
	at java.base/java.util.concurrent.ThreadPoolExecutor.runWorker(ThreadPoolExecutor.java:1128)
	at java.base/java.util.concurrent.ThreadPoolExecutor$Worker.run(ThreadPoolExecutor.java:628)
	at java.base/java.lang.Thread.run(Thread.java:834)

Dec 10, 2020 8:14:01 PM org.xframium.device.artifact.Artifact writeToDisk
INFO: Attempting to write [1509] bytes to [/Users/manjunathda/git/Calm/xframium-excel/resources/test-output/12-10_20-13-39-188/Chrome_FirstScript[DS001]/Chrome/generationFailure.txt]
Dec 10, 2020 8:14:01 PM org.xframium.device.artifact.Artifact writeToDisk
INFO: Attempting to write [1509] bytes to [/Users/manjunathda/git/Calm/xframium-excel/resources/test-output/12-10_20-13-39-188/Chrome_FirstScript[DS001]/Chrome/generationFailure.txt]
